対象（active）: 310院 / 未対応: 248院
  [1/248] ユニオン・デンタル・ラボラトリー  総合0点 📡0ソース
  [2/248] アイデンタル  総合0点 📡0ソース
  [3/248] おおすみ歯科医院  総合0点 📡0ソース
  [4/248] ヨコミゾ・デンタル・クラフト  総合0点 📡0ソース
  [5/248] 小野木歯科  総合0点 📡0ソース
  [6/248] 弓倉歯科医院  総合0点 📡0ソース
  [7/248] 歯科医院  総合0点 📡0ソース
  [8/248] おおくぼ歯科医院  総合0点 📡0ソース
  [9/248] 八竹歯科医院  総合0点 📡0ソース
  [10/248] 飯田歯科医院  総合0点 📡0ソース
  [11/248] ゆば歯科医院  総合0点 📡0ソース
  [12/248] やまの歯科  総合0点 📡0ソース
  [13/248] 山西歯科  総合0点 📡0ソース
  [14/248] 鈴木歯科医院  総合0点 📡1ソース
  [15/248] 黒岩歯科  総合0点 📡0ソース
  [16/248] こう歯科医院  総合42点 📡0ソース
  [17/248] 松川歯科医院  総合0点 📡0ソース
  [18/248] 鈴木歯科  総合77点 📡1ソース
  [19/248] やまおか歯科医院  総合20点 📡0ソース
  [20/248] ささはら歯科クリニック  総合78点 📡2ソース
  💾 20件完了・保存
  [21/248] 山本歯科医院  総合0点 📡0ソース
  [22/248] ゲンデンタルクリニック  総合73点 📡3ソース
  [23/248] 西山歯科  総合75点 📡3ソース
  [24/248] 宝塚いしもと歯科  総合63点 📡3ソース
  [25/248] 歯科楠山医院  総合10点 📡0ソース
  [26/248] 六花デンタルクリニック  総合42点 📡1ソース
  [27/248] 杉本歯科医院  総合35点 📡1ソース
  [28/248] 安藤歯科医院 伊丹院  総合15点 📡1ソース
  [29/248] こんどう歯科医院  総合60点 📡1ソース
  [30/248] 松本歯科  総合15点 📡0ソース
  [31/248] 宮田歯科  総合27点 📡0ソース
  [32/248] 福武歯科医院  総合79点 📡3ソース
  [33/248] 森田歯科医院  総合67点 📡1ソース
  [34/248] みずの歯科  総合42点 📡2ソース
  [35/248] 宝塚インプラント  総合75点 📡2ソース
  [36/248] 笹山歯科医院  総合82点 📡3ソース
  [37/248] 宝塚 歯科 エイチアンドエル  総合58点 📡3ソース
  [38/248] 栗田歯科クリニック  総合24点 📡0ソース
  [39/248] あが歯科医院  総合55点 📡2ソース
  [40/248] 松野歯科医院  総合43点 📡2ソース
  💾 40件完了・保存
  [41/248] ホワイトニングクリニック A 宝塚店  総合12点 📡0ソース
  [42/248] 吉田歯科  総合0点 📡1ソース
  [43/248] 宝塚スミレデンタルクリニック  総合35点 📡2ソース
  [44/248] 逆瀬川美松歯科  総合0点 📡0ソース
  [45/248] アゼリア歯科クリニック  総合83点 📡3ソース
  [46/248] 山口歯科医院  総合0点 📡0ソース
  [47/248] 渡部歯科医院  総合0点 📡0ソース
  [48/248] もとえ歯科医院  総合30点 📡0ソース
  [49/248] 矯正歯科たかぎ·クリニック  総合60点 📡3ソース
  [50/248] 中井歯科医院  総合42点 📡1ソース
  [51/248] 平田歯科医院  総合45点 📡1ソース
  [52/248] 逆瀬川訪問歯科クリニック  総合0点 📡0ソース
  [53/248] イワセ歯科・矯正歯科クリニック  総合70点 📡2ソース
  [54/248] 宝塚逆瀬川歯科医院  総合18点 📡1ソース
  [55/248] きょうめん矯正歯科  総合30点 📡1ソース
  [56/248] ホワイトエッセンス加盟院（逆瀬川）  総合42点 📡2ソース
  [57/248] 田中歯科医院  総合77点 📡2ソース
  [58/248] 安部歯科医院  総合0点 📡0ソース
  [59/248] 廣瀬歯科医院  総合0点 📡0ソース
  [60/248] 福田歯科医院  総合20点 📡0ソース
  💾 60件完了・保存
  [61/248] カナダ歯科医院  総合15点 📡0ソース
  [62/248] きばた歯科医院  総合55点 📡2ソース
  [63/248] 宇都宮デンタルクリニック  総合10点 📡0ソース
  [64/248] ひろ歯科クリニック 伊丹 矯正歯科  総合70点 📡2ソース
  [65/248] ヨシダデンタルラボラトリー  総合0点 📡0ソース
  [66/248] 岩田歯科  総合45点 📡1ソース
  [67/248] 武藤歯科医院  総合0点 📡0ソース
  [68/248] 宇津歯科  総合0点 📡0ソース
  [69/248] はあもす歯科こども歯科クリニック  総合50点 📡2ソース
  [70/248] ブルームデンタルクリニック  総合68点 📡2ソース
  [71/248] 高橋歯科医院  総合85点 📡2ソース
  [72/248] ますたにデンタルクリニック  総合0点 📡0ソース
  [73/248] 小田矯正歯科クリニック  総合45点 📡1ソース
  [74/248] Shine Lab.  総合45点 📡1ソース
  [75/248] 楠本歯科医院  総合50点 📡2ソース
  [76/248] 宝塚駅前ホワイト歯科・矯正歯科  総合65点 📡3ソース
  [77/248] 澤歯科医院  総合0点 📡0ソース
  [78/248] 奥田歯科クリニック  総合80点 📡3ソース
  [79/248] ライフ歯科 宝塚  総合0点 📡0ソース
  [80/248] 澤村歯科クリニック  総合15点 📡1ソース
  💾 80件完了・保存
  [81/248] 宝塚ファミリー歯科クリニック  総合20点 📡1ソース
  [82/248] もりた矯正歯科  総合70点 📡3ソース
  [83/248] 宝塚ライフ歯科・矯正歯科  総合88点 📡3ソース
  [84/248] 富永歯科医院  総合45点 📡1ソース
  [85/248] 戸田歯科  総合20点 📡0ソース
  [86/248] 足立歯科医院  総合0点 📡0ソース
  [87/248] きっかわ歯科医院  総合0点 📡0ソース
  [88/248] やまだ歯科  総合68点 📡2ソース
  [89/248] 宝塚あさひ歯科クリニック  総合80点 📡3ソース
  [90/248] もりた歯科医院  総合70点 📡1ソース
  [91/248] おざわ歯科  総合50点 📡1ソース
  [92/248] ほづみ歯科  総合0点 📡0ソース
  [93/248] 荒牧あおやま歯科医院  総合55点 📡2ソース
  [94/248] 渡辺歯科  総合70点 📡3ソース
  [95/248] 福田歯科医院  総合0点 📡0ソース
  [96/248] マツダデンタルクリニック  総合20点 📡0ソース
  [97/248] よしの歯科クリニック  総合81点 📡2ソース
  [98/248] 前田歯科院  総合0点 📡0ソース
  [99/248] 江本歯科医院  総合75点 📡2ソース
  [100/248] ゆか歯科クリニック  総合10点 📡1ソース
  💾 100件完了・保存
  [101/248] 宝塚こども歯科  総合87点 📡3ソース
  [102/248] 加納歯科クリニック  総合47点 📡1ソース
  [103/248] とがわ歯科クリニック  総合23点 📡1ソース
  [104/248] さくら矯正歯科  総合20点 📡1ソース
  [105/248] かねしろ歯科クリニック  総合80点 📡3ソース
  [106/248] 谷口歯科医院  総合50点 📡1ソース
  [107/248] 庄田歯科医院  総合12点 📡0ソース
  [108/248] 川田歯科医院  総合0点 📡0ソース
  [109/248] エール歯科・エールこども歯科  総合83点 📡2ソース
  [110/248] よねだ歯科医院  総合45点 📡2ソース
  [111/248] 堀池歯科  総合25点 📡1ソース
  [112/248] もん歯科・こども矯正歯科クリニック（川西市）  総合45点 📡3ソース
  [113/248] 平岡歯科クリニック  総合70点 📡1ソース
  [114/248] ひろなか歯科クリニック  総合35点 📡1ソース
  [115/248] 山本歯科クリニック  総合85点 📡2ソース
  [116/248] 医療法人歯聖会 宝塚デンタルオフィス  総合80点 📡3ソース
  [117/248] フラワー歯科・矯正歯科 山本駅前クリニック  総合68点 📡2ソース
  [118/248] さかうえ歯科クリニック  総合72点 📡1ソース
  [119/248] 河崎歯科医院  総合0点 📡0ソース
  [120/248] 青山歯科医院  総合42点 📡3ソース
  💾 120件完了・保存
  [121/248] しまづ歯科医院  総合0点 📡0ソース
  [122/248] クリス歯科クリニック  総合35点 📡2ソース
  [123/248] 真田歯科クリニック  総合84点 📡3ソース
  [124/248] 市川歯科医院  総合77点 📡3ソース
  [125/248] ひでき歯科クリニック  総合88点 📡1ソース
  [126/248] 藤木歯科医院  総合48点 📡1ソース
  [127/248] 田中デンタルクリニック  総合57点 📡2ソース
  [128/248] 福地歯科クリニック  総合65点 📡3ソース
  [129/248] スマイルプラス矯正歯科  総合83点 📡2ソース
  [130/248] しゅういち矯正歯科クリニック  総合47点 📡3ソース
  [131/248] しまだ歯科医院  総合52点 📡2ソース
  [132/248] 畑矯正歯科  総合72点 📡3ソース
  [133/248] くしだ歯科医院  総合50点 📡2ソース
  [134/248] 福家歯科医院  総合0点 📡0ソース
  [135/248] 川西歯医者 ライフ歯科・矯正歯科・小児歯科  総合73点 📡3ソース
  [136/248] ファミリーセンター歯科  総合43点 📡2ソース
  [137/248] 宇川歯科  総合85点 📡3ソース
  [138/248] なかたにスマイル歯科医院  総合65点 📡2ソース
  [139/248] マツムラ歯科医院  総合0点 📡1ソース
  [140/248] 前田デンタルラボ  総合0点 📡0ソース
  💾 140件完了・保存
  [141/248] 大西歯科・口腔外科 川西院  総合25点 📡1ソース
  [142/248] はぴねす歯科川西能勢口駅前クリニック  総合88点 📡1ソース
  [143/248] こいけ歯科  総合46点 📡3ソース
  [144/248] とくなが小児歯科クリニックレオ  総合40点 📡1ソース
  [145/248] 川西市歯科医師会立 訪問歯科センター  総合0点 📡1ソース
  [146/248] あさくら歯科  総合75点 📡3ソース
  [147/248] よしだ歯科  総合20点 📡2ソース
  [148/248] ごうがみ歯科医院  総合62点 📡2ソース
  [149/248] みうら歯科医院  総合76点 📡2ソース
  [150/248] 川西おとなこども歯科クリニック  総合30点 📡2ソース
  [151/248] 小来田歯科  総合0点 📡0ソース
  [152/248] 今村歯科医院  総合20点 📡1ソース
  [153/248] 松添歯科医院  総合20点 📡0ソース
  [154/248] なかむら歯科  総合20点 📡0ソース
  [155/248] さくらい歯科  総合82点 📡3ソース
  [156/248] 川西みらい歯科・矯正歯科  総合62点 📡2ソース
  [157/248] 川西かきの歯科  総合80点 📡2ソース
  [158/248] 遠藤歯科診療所  総合65点 📡1ソース
  [159/248] 荒垣歯科医院  総合0点 📡0ソース
  [160/248] 原田歯科  総合87点 📡3ソース
  💾 160件完了・保存
  [161/248] さくら木歯科こども歯科  総合46点 📡1ソース
  [162/248] みずくろ歯科  総合66点 📡1ソース
  [163/248] 河辺歯科  総合15点 📡0ソース
  [164/248] 西島歯科クリニック  総合15点 📡0ソース
  [165/248] よこたデンタルクリニック  総合15点 📡1ソース
  [166/248] ふじい歯科  総合65点 📡3ソース
  [167/248] 日新堂歯科医院  総合0点 📡1ソース
  [168/248] 医療法人横田歯科  総合20点 📡1ソース
  [169/248] にしだ歯科クリニック  総合40点 📡1ソース
  [170/248] まつうら歯科医院  総合10点 📡0ソース
  [171/248] 森永歯科医院  総合57点 📡2ソース
  [172/248] しろの歯科クリニック  総合10点 📡0ソース
  [173/248] 歯科たなかクリニック  総合45点 📡3ソース
  [174/248] 中川歯科医院  総合45点 📡2ソース
  [175/248] ソノ歯科クリニック  総合52点 📡2ソース
  [176/248] やの歯科  総合55点 📡2ソース
  [177/248] 安達歯科医院  総合15点 📡0ソース
  [178/248] 川西あおき歯科・矯正歯科  総合72点 📡3ソース
  [179/248] 米村歯科医院  総合0点 📡1ソース
  [180/248] くがい歯科  総合27点 📡1ソース
  💾 180件完了・保存
  [181/248] 安達歯科医院  総合10点 📡1ソース
  [182/248] 杉田デンタルクリニック  総合83点 📡3ソース
  [183/248] あだち歯科  総合20点 📡0ソース
  [184/248] 石岡歯科  総合77点 📡1ソース
  [185/248] 安福歯科医院  総合83点 📡2ソース
  [186/248] はら歯科クリニック  総合81点 📡3ソース
  [187/248] sakasegawa court dental   総合73点 📡2ソース
  [188/248] こうの歯科クリニック  総合79点 📡2ソース
  [189/248] つばめデンタルクリニック川西  総合79点 📡3ソース
  [190/248] 北川歯科クリニック  総合22点 📡1ソース
  [191/248] 医療法人社団 SmileArt たなか歯科医院  総合79点 📡4ソース
  [192/248] 小林デンタルクリニック  総合83点 📡2ソース
  [193/248] 井殿歯科医院  総合81点 📡2ソース
  [194/248] たにぐちデンタルクリニック  総合79点 📡3ソース
  [195/248] サンダデンタルクリニック（旧：宮内歯科医院）  総合72点 📡3ソース
  [196/248] ヨルソラ歯科クリニック  総合93点 📡3ソース
  [197/248] あしざわ歯科医院  総合60点 📡2ソース
  [198/248] 大槻歯科医院  総合72点 📡1ソース
  [199/248] しらやま歯科  総合17点 📡1ソース
  [200/248] 三田駅前歯科  総合65点 📡2ソース
  💾 200件完了・保存
  [201/248] いわさか歯科医院  総合42点 📡2ソース
  [202/248] 医療法人社団 松割歯科クリニック  総合65点 📡4ソース
  [203/248] ばんどう歯科  総合70点 📡3ソース
  [204/248] 尾崎歯科医院  総合32点 📡2ソース
  [205/248] 小寺歯科医院  総合65点 📡3ソース
  [206/248] 前田歯科クリニック  総合20点 📡1ソース
  [207/248] ウッディ吉原歯科  総合77点 📡1ソース
  [208/248] 吉原歯科医院  総合55点 📡2ソース
  [209/248] 英保歯科  総合75点 📡2ソース
  [210/248] スマイルオン矯正歯科  総合79点 📡2ソース
  [211/248] なかじま歯科・矯正歯科  総合64点 📡1ソース
  [212/248] はあもすこども矯正歯科クリニック  総合67点 📡2ソース
  [213/248] あらがき矯正歯科  総合40点 📡2ソース
  [214/248] きしもと歯科  総合40点 📡2ソース
  [215/248] ウィング矯正歯科  総合0点 📡0ソース
  [216/248] あさはら歯科医院  総合42点 📡0ソース
  [217/248] 福田歯科医院  総合37点 📡1ソース
  [218/248] ウイング矯正歯科  総合0点 📡1ソース
  [219/248] 黒瀬歯科クリニック  総合70点 📡3ソース
  [220/248] 愛川歯科医院  総合35点 📡0ソース
  💾 220件完了・保存
  [221/248] たかだ歯科  総合57点 📡2ソース
  [222/248] 関口歯科クリニック  総合22点 📡1ソース
  [223/248] 小西デンタルクリニック  総合36点 📡1ソース
  [224/248] ワタセ歯科  総合48点 📡1ソース
  [225/248] おくしゃ歯科医院  総合75点 📡2ソース
  [226/248] おおや歯科医院  総合30点 📡0ソース
  [227/248] Kデンタルクリニック  総合77点 📡3ソース
  [228/248] 川西市歯科医師会  総合0点 📡1ソース
  [229/248] 渡辺デンタルクリニック  総合38点 📡0ソース
  [230/248] 田中歯科クリニック  総合0点 📡0ソース
  [231/248] 伊丹市口腔保健センター  総合33点 📡1ソース
  [232/248] 米沢歯科  総合42点 📡2ソース
  [233/248] かわむら歯科  総合22点 📡0ソース
  [234/248] 吉原歯科さんだ口腔介護支援 センター  総合0点 📡0ソース
  [235/248] 喜多歯科医院  総合50点 📡1ソース
  [236/248] あだち歯科口腔外科  総合20点 📡0ソース
  [237/248] 大輔おとなこども歯科クリニック  総合46点 📡1ソース
  [238/248] わたなべ歯科医院  総合37点 📡1ソース
  [239/248] かねこ歯科クリニック  総合55点 📡2ソース
  [240/248] 芦田歯科医院  総合45点 📡1ソース
  💾 240件完了・保存
  [241/248] 宝塚市立口腔保健センター・歯科応急診療所  総合25点 📡0ソース
  [242/248] 早田歯科医院  総合52点 📡2ソース
  [243/248] さだおか歯科医院  総合45点 📡0ソース
  [244/248] むくの歯科  総合25点 📡0ソース
  [245/248] 川西市ふれあい歯科診療所  総合0点 📡1ソース
  [246/248] 川西市予防歯科センター  総合0点 📡0ソース
  [247/248] こうじ歯科クリニック  総合50点 📡1ソース
  [248/248] 三田市 総合福祉保健センター  総合20点 📡0ソース

✅ 完了：248院を新スキーマに更新しました
