
============================================================
  阪神北部歯科総研 医院DB構築 v4.0  2026-07-08
  設計思想: 全院網羅（Nearby Search グリッド）+ AI評判生成
  グリッド数: 560点（間隔0.008度・半径600m）
  現在のDB  : 0院
  足切り    : 閉業のみ（評価・口コミ数での除外なし）
============================================================

【Phase 1】Nearby Search グリッド — 阪神北部エリア全域を座標で網羅
  目標: 検索順位・SEOに依存せず存在する全医院を取得

  🔲 [  1/560] (34.76, 135.32) → 0件（新規: 0院）
  🔲 [  2/560] (34.76, 135.328) → 3件（新規: 3院）
    ▶ 医療法人社団 しげしたデンタルクリニック（★4.5・96件）  総合90点 📡1ソース ⭐
    ▶ もこもこ歯科・矯正歯科（★4・22件）  総合72点 📡3ソース
    ▶ 山本歯科医院（★0・0件）  総合0点 📡0ソース
  🔲 [  3/560] (34.76, 135.336) → 5件（新規: 3院）
    ▶ 大塚歯科医院（★3.8・4件）  総合60点 📡1ソース
    ▶ 弥源治歯科医院（★3・2件）  総合25点 📡0ソース ⭐
    ▶ 米澤歯科醫院（★4.4・38件）  総合79点 📡3ソース ⭐
  🔲 [  4/560] (34.76, 135.344) → 2件（新規: 2院）
    ▶ たかみ歯科医院（★5・6件）  総合42点 📡1ソース ⭐
    ▶ にしおデンタルクリニック（★4.9・28件）  総合80点 📡2ソース
  🔲 [  5/560] (34.76, 135.352) → 5件（新規: 5院）
    ▶ 今井歯科（★4.3・4件）  総合20点 📡0ソース
    ▶ たかたに歯科（★4.8・46件）  総合82点 📡3ソース ⭐
    ▶ 村松歯科医院（★5・10件）  総合70点 📡2ソース
    ▶ 広川歯科医院（★4.8・118件）  総合88点 📡3ソース ⭐
    ▶ サイトウ歯科（★4.2・5件）  総合64点 📡2ソース ⭐
  🔲 [  6/560] (34.76, 135.36) → 14件（新規: 10院）
    ▶ たむら歯科クリニック（★4.8・46件）  総合83点 📡2ソース ⭐
    ▶ 益井歯科（★1・1件）  総合0点 📡0ソース
    ▶ さくらいデンタルクリニック（★4.6・117件）  総合80点 📡3ソース
    ▶ 小田中歯科医院（★0・0件）  総合0点 📡0ソース
    ▶ 田中歯科医院（★2.7・3件）  総合25点 📡0ソース
    ▶ 平田歯科医院（★0・0件）  総合0点 📡0ソース
    ▶ おの歯科医院（★4.7・20件）  総合88点 📡3ソース ⭐
    ▶ Dental Potential クリニック（★0・0件）  総合0点 📡0ソース
    ▶ 山本デンタルクリニック（★5・1件）  総合65点 📡2ソース
    ▶ 中津浜デンタルクリニック・こども矯正歯科（★4.8・210件）  総合85点 📡2ソース ⭐
  🔲 [  7/560] (34.76, 135.368) → 2件（新規: 1院）
    ▶ さとう歯科クリニック（★4・1件）  総合0点 📡0ソース
  🔲 [  8/560] (34.76, 135.376) → 1件（新規: 1院）
    ▶ ながとし歯科医院（★5・2件）  総合75点 📡2ソース ⭐
  🔲 [  9/560] (34.76, 135.384) → 2件（新規: 1院）
    ▶ やまもと歯科（★3.8・5件）  総合30点 📡0ソース ⭐
  🔲 [ 10/560] (34.76, 135.392) → 5件（新規: 5院）
    ▶ 中道歯科（★0・0件）  総合0点 📡0ソース
    ▶ 水野歯科医院（★5・6件）  総合77点 📡2ソース ⭐
    ▶ SUMIDA DENTAL CLINIC（★3.4・15件）  総合65点 📡1ソース ⭐
    ▶ 池永歯科（★0・0件）  総合0点 📡0ソース
    ▶ 阿部歯科（★4.9・37件）  総合87点 📡2ソース ⭐
  🔲 [ 11/560] (34.76, 135.4) → 5件（新規: 4院）
    ▶ 医療法人 こさか歯科クリニック（★4.6・175件）  総合83点 📡2ソース ⭐
    ▶ 長安歯科医院（★0・0件）  総合0点 📡0ソース
    ▶ 正木歯科クリニック（★2・1件）  総合73点 📡1ソース
    ▶ いけだ歯科クリニック（★3・6件）  総合70点 📡3ソース
  🔲 [ 12/560] (34.76, 135.408) → 7件（新規: 5院）
    ▶ 伊丹みんなの歯医者さん 木下歯科（★4.1・20件）  総合80点 📡3ソース ⭐
    ▶ 長安歯科医院（★0・0件）  総合0点 📡0ソース
    ▶ むらうち歯科矯正歯科（★4.6・205件）  総合83点 📡3ソース ⭐
    ▶ 田中歯科（★4.6・127件）  総合83点 📡3ソース ⭐
    ▶ 塚口むらうち小児矯正クリニック（★4.9・15件）  総合79点 📡2ソース ⭐
    ▶ 足裏から不調改善 よもぎ蒸し&足つぼ sua（★5・2件）  総合55点 📡3ソース
  🔲 [ 13/560] (34.76, 135.416) → 11件（新規: 8院）
    ▶ 鎌谷歯科医院（★4.1・27件）  総合77点 📡2ソース ⭐
    ▶ ごおデンタルクリニック（★3.8・35件）  総合50点 📡1ソース
    ▶ こくぶ歯科（★1.9・7件）  総合20点 📡0ソース
    ▶ 西村歯科（★5・2件）  総合0点 📡0ソース
    ▶ 鍵谷歯科医院（★0・0件）  総合0点 📡0ソース
    ▶ デンタル・セラミック（株）（★5・1件）  総合0点 📡0ソース
    ▶ 橋村歯科医院（★2.8・5件）  総合65点 📡1ソース
    ▶ しげ歯科稲野駅前院（★3.9・55件）  総合80点 📡3ソース ⭐
  🔲 [ 14/560] (34.76, 135.424) → 8件（新規: 3院）
    ▶ 西本歯科医院（★4.5・2件）  総合0点 📡0ソース
    ▶ 西村歯科（★5・2件）  総合0点 📡0ソース
    ▶ みずの歯科・矯正歯科（★4.8・38件）  総合87点 📡3ソース ⭐
    ▶ デンタル・セラミック（株）（★5・1件）  総合0点 📡0ソース
    ▶ 三瀬歯科（★0・0件）  総合0点 📡0ソース
  🔲 [ 15/560] (34.76, 135.432) → 4件（新規: 3院）
    ▶ 内田歯科医院（★3.5・23件）  総合50点 📡1ソース
    ▶ みちざわ歯科・口腔外科（★4・5件）  総合89点 📡2ソース ⭐
    ▶ 三瀬歯科（★0・0件）  総合0点 📡0ソース
    ▶ 江森歯科（★3.8・5件）  総合15点 📡0ソース
  🔲 [ 16/560] (34.76, 135.44) → 1件（新規: 1院）
    ▶ いちば歯科医院（★3.2・5件）  総合20点 📡1ソース
  🔲 [ 17/560] (34.76, 135.448) → 6件（新規: 6院）
    ▶ 木田歯科クリニック（★3・2件）  総合20点 📡0ソース
    ▶ ひろし歯科（★3.3・7件）  総合20点 📡0ソース
    ▶ 井上歯科 園田（★2.6・8件）  総合49点 📡3ソース
    ▶ 住田歯科診療医院（★4.3・7件）  総合21点 📡0ソース
    ▶ どうがん歯科医院（★3.7・41件）  総合65点 📡2ソース
    ▶ いちかわ歯科医院（★3.5・6件）  総合80点 📡2ソース ⭐
  🔲 [ 18/560] (34.76, 135.456) → 3件（新規: 1院）
    ▶ ふじた歯科（★3.7・3件）  総合0点 📡0ソース
  🔲 [ 19/560] (34.76, 135.464) → 1件（新規: 1院）
    ▶ ホワイト歯科クリニック（★4.8・217件）  総合86点 📡2ソース
  🔲 [ 20/560] (34.76, 135.472) → 13件（新規: 12院）
    ▶ （有）永松デンタルラボラトリー（★0・0件）  総合45点 📡2ソース
    ▶ 荒木歯科（★3.3・6件）  総合82点 📡2ソース ⭐
    ▶ 鳥山歯科医院（★0・0件）  総合0点 📡0ソース
    ▶ 倉田歯科診療所（★3・2件）  総合10点 📡0ソース
    ▶ 萱島歯科医院（★5・1件）  総合70点 📡2ソース ⭐
    ▶ しばた歯科（★1.7・3件）  総合0点 📡0ソース
    ▶ みつひさ歯科医院（★3.8・10件）  総合30点 📡1ソース
    ▶ 豊中服部ノボ歯科・矯正歯科クリニック（★4.8・48件）  総合100点 📡2ソース ⭐
    ▶ たかぎ歯科 ｜服部天神駅 歯医者《虫歯・歯周（★3.8・5件）  総合60点 📡1ソース ⭐
    ▶ 加納歯科クリニック（★3.7・3件）  総合20点 📡2ソース
    ▶ わたなべ歯科医院（★0・0件）  総合0点 📡0ソース
    ▶ ひろた歯科クリニック（★5・5件）  総合77点 📡2ソース

  💾 20グリッド完了・DB保存: 75院

  🔲 [ 21/560] (34.768, 135.32) → 0件（新規: 0院）
  🔲 [ 22/560] (34.768, 135.328) → 0件（新規: 0院）
  🔲 [ 23/560] (34.768, 135.336) → 1件（新規: 0院）
  🔲 [ 24/560] (34.768, 135.344) → 2件（新規: 1院）
    ▶ とみさわ歯科（★4・3件）  総合0点 📡0ソース
  🔲 [ 25/560] (34.768, 135.352) → 1件（新規: 0院）
    ▶ とみさわ歯科（★4・3件）  総合10点 📡0ソース
  🔲 [ 26/560] (34.768, 135.36) → 10件（新規: 7院）
    ▶ ケイ歯科クリニック 甲東園 インプラント（★4.3・133件）  総合86点 📡2ソース ⭐
    ▶ 高木歯科医院（★3・1件）  総合10点 📡0ソース
    ▶ 井出歯科医院（★0・0件）  総合0点 📡0ソース
    ▶ 平田歯科医院（★0・0件）  総合0点 📡0ソース
    ▶ 丸山歯科クリニック（★4.1・27件）  総合72点 📡3ソース
    ▶ イケダ歯科医院（★4・4件）  総合20点 📡1ソース
    ▶ 西宮気づき歯科クリニック（★5・3件）  総合77点 📡2ソース ⭐
    ▶ うえは歯科医院（★0・0件）  総合60点 📡2ソース
    ▶ Dental Potential クリニック（★0・0件）  総合0点 📡0ソース
  🔲 [ 27/560] (34.768, 135.368) → 3件（新規: 2院）
    ▶ 中坪歯科（★5・4件）  総合40点 📡0ソース ⭐
    ▶ 小山歯科医院（★4.3・3件）  総合40点 📡2ソース
  🔲 [ 28/560] (34.768, 135.376) → 0件（新規: 0院）
  🔲 [ 29/560] (34.768, 135.384) → 1件（新規: 1院）
    ▶ はっとり歯科・小児矯正歯科（★4.6・17件）  総合77点 📡3ソース ⭐
  🔲 [ 30/560] (34.768, 135.392) → 2件（新規: 2院）
    ▶ とよくに歯科医院（★3.3・3件）  総合30点 📡0ソース
    ▶ みはら歯科クリニック（★4.2・15件）  総合97点 📡3ソース ⭐
  🔲 [ 31/560] (34.768, 135.4) → 3件（新規: 2院）
    ▶ ユニオン・デンタル・ラボラトリー（★0・0件）  総合0点 📡0ソース
    ▶ ささべ歯科クリニック（★0・0件）  総合0点 📡1ソース
  🔲 [ 32/560] (34.768, 135.408) → 4件（新規: 2院）
    ▶ 臼井歯科医院（★0・0件）  総合52点 📡1ソース
    ▶ よしだ歯科（★0・0件）  総合73点 📡1ソース
    ▶ ささべ歯科クリニック（★0・0件）  総合45点 📡1ソース
  🔲 [ 33/560] (34.768, 135.416) → 5件（新規: 4院）
    ▶ 木原歯科（★4・1件）  総合20点 📡0ソース
    ▶ とよなが歯科医院（★4・26件）  総合79点 📡3ソース ⭐
    ▶ あさい歯科医院（★4・7件）  総合72点 📡1ソース
    ▶ 伊丹とく歯科（★4.9・98件）  総合83点 📡3ソース ⭐
  🔲 [ 34/560] (34.768, 135.424) → 2件（新規: 0院）
    ▶ 西本歯科医院（★4.5・2件）  総合0点 📡0ソース
  🔲 [ 35/560] (34.768, 135.432) → 0件（新規: 0院）
  🔲 [ 36/560] (34.768, 135.44) → 1件（新規: 0院）
  🔲 [ 37/560] (34.768, 135.448) → 0件（新規: 0院）
  🔲 [ 38/560] (34.768, 135.456) → 1件（新規: 1院）
    ▶ くにえ歯科医院（★3・2件）  総合40点 📡1ソース
  🔲 [ 39/560] (34.768, 135.464) → 10件（新規: 9院）
    ▶ 曽根あらい歯科医院（★4.8・37件）  総合80点 📡2ソース ⭐
    ▶ 片岡歯科医院（★3・1件）  総合20点 📡0ソース
    ▶ 福岡歯科医院（★0・0件）  総合0点 📡0ソース
    ▶ 医療法人陽樹会曽根駅前歯科クリニック（★4・35件）  総合62点 📡2ソース
    ▶ きた歯科曽根駅北大人こども歯科（★4.4・29件）  総合80点 📡2ソース ⭐
    ▶ 森歯科医院小島診療所（★4・1件）  総合0点 📡0ソース
    ▶ かおる歯科クリニック（★3.8・5件）  総合60点 📡1ソース
    ▶ 松本歯科医院（★3・2件）  総合5点 📡0ソース
    ▶ てらだ矯正歯科（★2.8・17件）  総合65点 📡3ソース
  🔲 [ 40/560] (34.768, 135.472) → 25件（新規: 15院）
    ▶ ありま歯科クリニック（★4.4・14件）  総合77点 📡2ソース ⭐
    ▶ 大前歯科（★0・0件）  総合70点 📡1ソース ⭐
    ▶ 永田歯科医院（★4・14件）  総合77点 📡2ソース ⭐
    ▶ 平山歯科医院（★3.8・4件）  総合15点 📡0ソース ⭐
    ▶ 上野歯科（★0・0件）  総合0点 📡0ソース
    ▶ たかお歯科（★4.5・12件）  総合74点 📡3ソース ⭐
    ▶ めぐみ歯科クリニック（★4.7・48件）  総合60点 📡2ソース ⭐
    ▶ 森歯科医院小島診療所（★4・1件）  総合0点 📡0ソース
    ▶ 藤田歯科医院（★4・4件）  総合10点 📡0ソース
    ▶ はしもと歯科医院（★3.5・8件）  総合60点 📡2ソース
    ▶ 曽根東デンタルクリニック（★4.5・8件）  総合70点 📡2ソース ⭐
    ▶ 曽根田村歯科医院（★0・0件）  総合0点 📡0ソース
    ▶ 訪問専門 のすけ歯科（★5・1件）  総合70点 📡1ソース ⭐
    ▶ 戸祭歯科医院（★0・0件）  総合70点 📡1ソース ⭐
    ▶ Muramatsu Dental Clini（★0・0件）  総合0点 📡0ソース
    ▶ Sonehigashi prevention（★1・1件）  総合0点 📡0ソース

  💾 40グリッド完了・DB保存: 121院

  🔲 [ 41/560] (34.776, 135.32) → 0件（新規: 0院）
  🔲 [ 42/560] (34.776, 135.328) → 0件（新規: 0院）
  🔲 [ 43/560] (34.776, 135.336) → 0件（新規: 0院）
  🔲 [ 44/560] (34.776, 135.344) → 1件（新規: 1院）
    ▶ アイデンタル（★0・0件）  総合0点 📡0ソース
  🔲 [ 45/560] (34.776, 135.352) → 10件（新規: 9院）
    ▶ 有馬歯科・矯正歯科（★4.8・92件）  総合83点 📡2ソース ⭐
    ▶ たつみ歯科医院（★3.3・7件）  総合80点 📡1ソース ⭐
    ▶ アイデンタル（★0・0件）  総合0点 📡0ソース
    ▶ おおすみ歯科医院（★0・0件）  総合0点 📡0ソース
    ▶ アテネファミリー歯科（★4.3・6件）  総合67点 📡2ソース ⭐
    ▶ 藤田歯科（★4.6・53件）  総合79点 📡1ソース ⭐
    ▶ 法貴歯科医院（★2.5・2件）  総合65点 📡1ソース
    ▶ 山田歯科診療所（★0・0件）  総合75点 📡2ソース ⭐
    ▶ とたに歯科医院（★4.4・8件）  総合72点 📡3ソース ⭐
    ▶ 山本歯科医院矯正歯科クリニック（★3.8・21件）  総合81点 📡2ソース ⭐
  🔲 [ 46/560] (34.776, 135.36) → 10件（新規: 1院）
    ▶ しらやま歯科クリニック（★4.5・19件）  総合77点 📡2ソース ⭐
    ▶ おおすみ歯科医院（★0・0件）  総合0点 📡0ソース
  🔲 [ 47/560] (34.776, 135.368) → 1件（新規: 0院）
  🔲 [ 48/560] (34.776, 135.376) → 2件（新規: 2院）
    ▶ 玉田歯科クリニック（★4・1件）  総合0点 📡0ソース
    ▶ ヨコミゾ・デンタル・クラフト（★0・0件）  総合0点 📡0ソース
  🔲 [ 49/560] (34.776, 135.384) → 5件（新規: 3院）
    ▶ 玉田歯科クリニック（★4・1件）  総合0点 📡0ソース
    ▶ 藤原歯科医院（★5・6件）  総合47点 📡0ソース ⭐
    ▶ くまがい歯科クリニック（★3.7・17件）  総合40点 📡0ソース ⭐
    ▶ ありい歯科（★4.6・146件）  総合83点 📡2ソース ⭐
  🔲 [ 50/560] (34.776, 135.392) → 5件（新規: 4院）
    ▶ 小野木歯科（★0・0件）  総合0点 📡0ソース
    ▶ 高橋おとなこども歯科（★4.3・42件）  総合90点 📡2ソース ⭐
    ▶ のまきたパーク歯科・矯正歯科（★4.6・98件）  総合85点 📡3ソース ⭐
    ▶ ヒカルノ歯科・矯正歯科（★4.5・47件）  総合80点 📡2ソース ⭐
  🔲 [ 51/560] (34.776, 135.4) → 7件（新規: 5院）
    ▶ 岸本歯科医院（★4.5・13件）  総合77点 📡2ソース ⭐
    ▶ 善住歯科医院（★3・2件）  総合65点 📡2ソース ⭐
    ▶ 中村歯科医院（★3.8・8件）  総合70点 📡2ソース ⭐
    ▶ cuate（★4.6・11件）  総合60点 📡3ソース ⭐
    ▶ まつもと歯科医院（★4.3・10件）  総合77点 📡2ソース
  🔲 [ 52/560] (34.776, 135.408) → 11件（新規: 7院）
    ▶ 阪本歯科医院（★4・4件）  総合50点 📡2ソース
    ▶ 藤田歯科クリニック（★3.4・11件）  総合75点 📡3ソース
    ▶ 津谷歯科医院（★4.8・80件）  総合83点 📡3ソース ⭐
    ▶ ハピカ歯科クリニック（★5・23件）  総合80点 📡3ソース ⭐
    ▶ 河上歯科医院（★3.8・4件）  総合30点 📡0ソース
    ▶ たまむら矯正歯科 伊丹駅前院（★2.7・3件）  総合70点 📡2ソース
    ▶ かねこ歯科診療所（★3.4・17件）  総合75点 📡2ソース ⭐
  🔲 [ 53/560] (34.776, 135.416) → 22件（新規: 16院）
    ▶ 弓倉歯科医院（★0・0件）  総合0点 📡0ソース
    ▶ つじの歯科医院（★4.4・16件）  総合77点 📡2ソース ⭐
    ▶ えいと歯科（★4.5・44件）  総合75点 📡3ソース ⭐
    ▶ 歯科医院（★0・0件）  総合0点 📡0ソース
    ▶ おおくぼ歯科医院（★0・0件）  総合0点 📡0ソース
    ▶ 辻歯科医院（★4.7・3件）  総合80点 📡2ソース ⭐
    ▶ 八竹歯科医院（★0・0件）  総合0点 📡0ソース
    ▶ 炭本歯科医院（★5・2件）  総合50点 📡0ソース ⭐
    ▶ 飯田歯科医院（★0・0件）  総合0点 📡0ソース
    ▶ 松島歯科医院（★4.6・7件）  総合77点 📡1ソース ⭐
    ▶ 西口歯科クリニック（★4.5・178件）  総合83点 📡3ソース ⭐
    ▶ アップル歯科伊丹駅前（★4.6・97件）  総合83点 📡3ソース ⭐
    ▶ みなみ歯科・矯正歯科（★4.9・27件）  総合86点 📡3ソース ⭐
    ▶ さくら歯科クリニック（★4・1件）  総合75点 📡1ソース ⭐
    ▶ 坪井歯科医院｜伊丹市（審美歯科/ホワイトニン（★4.8・5件）  総合24点 📡0ソース ⭐
    ▶ Yuba Dental Clinic（★0・0件）  総合0点 📡0ソース
  🔲 [ 54/560] (34.776, 135.424) → 4件（新規: 1院）
    ▶ 八竹歯科医院（★0・0件）  総合0点 📡0ソース
    ▶ にしおか歯科（★4.7・23件）  総合70点 📡2ソース ⭐
  🔲 [ 55/560] (34.776, 135.432) → 1件（新規: 1院）
    ▶ 横田歯科医院（★4・4件）  総合20点 📡1ソース
  🔲 [ 56/560] (34.776, 135.44) → 0件（新規: 0院）
  🔲 [ 57/560] (34.776, 135.448) → 0件（新規: 0院）
  🔲 [ 58/560] (34.776, 135.456) → 1件（新規: 1院）
    ▶ （株）ジヤパン企画（★0・0件）  総合0点 📡0ソース
  🔲 [ 59/560] (34.776, 135.464) → 11件（新規: 7院）
    ▶ ありす歯科クリニック（★3.4・5件）  総合15点 📡0ソース
    ▶ 小原歯科（★1・1件）  総合0点 📡0ソース
    ▶ 福岡歯科医院（★0・0件）  総合0点 📡0ソース
    ▶ 中西歯科医院（★5・1件）  総合72点 📡1ソース
    ▶ 小川歯科医院（★3・2件）  総合0点 📡1ソース
    ▶ 森歯科医院（★4.5・2件）  総合40点 📡0ソース
    ▶ 西川歯科（★4・8件）  総合77点 📡1ソース ⭐
    ▶ 白井歯科（★3・6件）  総合80点 📡1ソース ⭐
  🔲 [ 60/560] (34.776, 135.472) → 18件（新規: 8院）
    ▶ ながと歯科医院（★2.3・3件）  総合10点 📡2ソース
    ▶ 上野歯科（★0・0件）  総合0点 📡0ソース
    ▶ 歯科すやま（★4.6・28件）  総合80点 📡2ソース ⭐
    ▶ かつ歯科医院（★5・7件）  総合42点 📡0ソース ⭐
    ▶ あんどうおとなこども歯科（★4.9・60件）  総合83点 📡2ソース
    ▶ TOYOTA Kids ＆ Family D（★4.9・48件）  総合80点 📡2ソース ⭐
    ▶ 肝属デンタル（★0・0件）  総合0点 📡0ソース
    ▶ そねひがし予防歯科クリニック（★1・1件）  総合0点 📡0ソース
    ▶ 小原歯科（★1・1件）  総合0点 📡0ソース
    ▶ 曽根田村歯科医院（★0・0件）  総合0点 📡0ソース
    ▶ 村松歯科医院（★0・0件）  総合0点 📡0ソース
    ▶ 歯医者さん 豊中くぼ歯科（★4.6・137件）  総合85点 📡3ソース ⭐
    ▶ まつもと歯科（★4.2・30件）  総合77点 📡3ソース ⭐

  💾 60グリッド完了・DB保存: 187院

  🔲 [ 61/560] (34.784, 135.32) → 0件（新規: 0院）
  🔲 [ 62/560] (34.784, 135.328) → 0件（新規: 0院）
  🔲 [ 63/560] (34.784, 135.336) → 0件（新規: 0院）
  🔲 [ 64/560] (34.784, 135.344) → 0件（新規: 0院）
  🔲 [ 65/560] (34.784, 135.352) → 4件（新規: 4院）
    ▶ 志賀歯科（★3・1件）  総合15点 📡0ソース
    ▶ オノエ歯科（★4.8・40件）  総合80点 📡1ソース ⭐
    ▶ 【歯科提携】歯のホワイトニング専門店 ホワイ（★5・42件）  総合60点 📡3ソース ⭐
    ▶ もり歯科クリニック（★3.6・7件）  総合65点 📡1ソース
  🔲 [ 66/560] (34.784, 135.36) → 4件（新規: 2院）
    ▶ やまの歯科（★3.3・3件）  総合0点 📡0ソース
    ▶ 山崎歯科（★4・4件）  総合20点 📡0ソース ⭐
  🔲 [ 67/560] (34.784, 135.368) → 0件（新規: 0院）
  🔲 [ 68/560] (34.784, 135.376) → 2件（新規: 1院）
    ▶ ヨコミゾ・デンタル・クラフト（★0・0件）  総合0点 📡0ソース
    ▶ 医療法人社団アトリエ会 おとな・こども セレ（★4.6・125件）  総合73点 📡3ソース
  🔲 [ 69/560] (34.784, 135.384) → 5件（新規: 2院）
    ▶ たにもと歯科クリニック 伊丹昆陽 小児 矯正（★4.1・20件）  総合87点 📡2ソース ⭐
    ▶ 工藤歯科医院（★5・3件）  総合20点 📡0ソース
  🔲 [ 70/560] (34.784, 135.392) → 1件（新規: 0院）
  🔲 [ 71/560] (34.784, 135.4) → 2件（新規: 1院）
    ▶ タナカ歯科（★3.8・13件）  総合77点 📡1ソース ⭐
  🔲 [ 72/560] (34.784, 135.408) → 6件（新規: 3院）
    ▶ まこと歯科医院（★3.6・12件）  総合70点 📡2ソース
    ▶ 山西歯科（★3・2件）  総合0点 📡0ソース
    ▶ はまだ歯科クリニック（★4.4・235件）  総合75点 📡3ソース
  🔲 [ 73/560] (34.784, 135.416) → 19件（新規: 7院）
    ▶ 出口歯科（★5・4件）  総合85点 📡2ソース ⭐
    ▶ おざわファミリー歯科（★3.9・15件）  総合95点 📡3ソース ⭐
    ▶ 和歯科医院（★2・4件）  総合40点 📡2ソース
    ▶ 歯科医院（★0・0件）  総合0点 📡0ソース
    ▶ 鈴木歯科医院（★5・1件）  総合0点 📡0ソース
    ▶ 黒岩歯科（★0・0件）  総合0点 📡0ソース
    ▶ ひらせ歯科クリニック（★4・4件）  総合30点 📡1ソース
    ▶ ゆば歯科医院（★0・0件）  総合0点 📡0ソース
    ▶ おがわ歯科（★3.8・4件）  総合75点 📡2ソース
    ▶ 飯田歯科医院（★0・0件）  総合0点 📡0ソース
  🔲 [ 74/560] (34.784, 135.424) → 5件（新規: 2院）
    ▶ 田中歯科（★2.7・19件）  総合30点 📡0ソース
    ▶ 鈴木歯科医院（★5・1件）  総合0点 📡0ソース
    ▶ 北川歯科医院（★3.5・2件）  総合35点 📡0ソース
  🔲 [ 75/560] (34.784, 135.432) → 2件（新規: 0院）
  🔲 [ 76/560] (34.784, 135.44) → 0件（新規: 0院）
  🔲 [ 77/560] (34.784, 135.448) → 0件（新規: 0院）
  🔲 [ 78/560] (34.784, 135.456) → 7件（新規: 7院）
    ▶ 萩野歯科医院（★3.8・4件）  総合20点 📡0ソース ⭐
    ▶ ふじたか歯科クリニック（★2.3・3件）  総合55点 📡3ソース ⭐
    ▶ 林歯科医院（★0・0件）  総合0点 📡0ソース
    ▶ 森定矯正歯科（★4.6・10件）  総合77点 📡2ソース ⭐
    ▶ 原歯科医院｜豊中市 歯医者/咬み合わせ（★4・12件）  総合77点 📡2ソース ⭐
    ▶ クローバー歯科豊中駅前アネックス（★4.8・284件）  総合78点 📡2ソース ⭐
    ▶ 辻歯科医院（★4.6・7件）  総合71点 📡1ソース
  🔲 [ 79/560] (34.784, 135.464) → 31件（新規: 19院）
    ▶ 豊中歯医者よしだ歯科（★4.4・197件）  総合78点 📡3ソース
    ▶ なかふじ歯科クリニック（★4.5・144件）  総合43点 📡1ソース
    ▶ みやもと歯科クリニック（★4・19件）  総合72点 📡2ソース
    ▶ くれしろ歯科医院（★3.3・4件）  総合25点 📡0ソース
    ▶ 寺村歯科医院（★0・0件）  総合0点 📡0ソース
    ▶ 片山歯科（★3・2件）  総合25点 📡1ソース
    ▶ にしわきデンタルクリニック（★4.6・7件）  総合42点 📡0ソース ⭐
    ▶ 片桐歯科医院（★0・0件）  総合0点 📡0ソース
    ▶ クローバー歯科クリニック豊中駅前院（★4.5・200件）  総合83点 📡3ソース ⭐
    ▶ 小原歯科（★1・1件）  総合0点 📡0ソース
    ▶ 室井歯科医院（★3.7・3件）  総合35点 📡0ソース
    ▶ 豊中インプラント治療クリニック（★0・0件）  総合0点 📡1ソース
    ▶ ナカノ歯科（★5・1件）  総合0点 📡0ソース
    ▶ 豊中本町歯科クリニック（★4.6・239件）  総合83点 📡3ソース ⭐
    ▶ 林歯科医院（★0・0件）  総合0点 📡0ソース
    ▶ 【歯科提携】歯のホワイトニング専門店 ホワイ（★4.9・119件）  総合68点 📡3ソース ⭐
    ▶ 宮本歯科（★4・4件）  総合50点 📡0ソース ⭐
    ▶ Sugimoto Dental Clinic（★3.9・17件）  総合75点 📡1ソース
    ▶ クローバー歯科クリニック豊中本町院（★4.6・296件）  総合83点 📡3ソース ⭐
    ▶ Fujita Dental Toyonaka（★4.7・201件）  総合83点 📡3ソース ⭐
    ▶ Yanagikyosei Dental Cl（★0・0件）  総合70点 📡2ソース ⭐
    ▶ Ogawa Dental Clinic（★3・2件）  総合0点 📡1ソース
  🔲 [ 80/560] (34.784, 135.472) → 13件（新規: 8院）
    ▶ かけい歯科医院（★3・2件）  総合20点 📡0ソース
    ▶ 上田歯科医院（★3・2件）  総合65点 📡2ソース ⭐
    ▶ 村井歯科クリニック（★4.5・26件）  総合70点 📡1ソース
    ▶ 寺村歯科医院（★0・0件）  総合0点 📡0ソース
    ▶ こむら小児歯科・矯正歯科（★4.4・19件）  総合82点 📡3ソース ⭐
    ▶ こむら矯正歯科（豊中）（★0・0件）  総合77点 📡2ソース ⭐
    ▶ 中垣歯科医院（★4.1・64件）  総合2点 📡3ソース
    ▶ 三木歯科医院（★3・2件）  総合0点 📡0ソース
    ▶ 太田歯科医院（★4・2件）  総合0点 📡0ソース

  💾 80グリッド完了・DB保存: 243院

  🔲 [ 81/560] (34.792, 135.32) → 0件（新規: 0院）
  🔲 [ 82/560] (34.792, 135.328) → 0件（新規: 0院）
  🔲 [ 83/560] (34.792, 135.336) → 2件（新規: 2院）
    ▶ こう歯科医院（★4.6・5件）  総合2点 📡0ソース
    ▶ 松川歯科医院（★0・0件）  総合0点 📡0ソース
  🔲 [ 84/560] (34.792, 135.344) → 0件（新規: 0院）
  🔲 [ 85/560] (34.792, 135.352) → 6件（新規: 3院）
    ▶ 鈴木歯科（★4.5・8件）  総合2点 📡1ソース
    ▶ やまおか歯科医院（★5・2件）  総合0点 📡0ソース
    ▶ ささはら歯科クリニック（★5・67件）  総合8点 📡2ソース
  🔲 [ 86/560] (34.792, 135.36) → 7件（新規: 2院）
    ▶ やまおか歯科医院（★5・2件）  総合0点 📡0ソース
    ▶ 山本歯科医院（★0・0件）  総合0点 📡0ソース
    ▶ ゲンデンタルクリニック（★5・2件）  総合0点 📡3ソース
  🔲 [ 87/560] (34.792, 135.368) → 2件（新規: 2院）
    ▶ 西山歯科（★2・1件）  総合0点 📡3ソース
    ▶ 宝塚いしもと歯科（★4.8・217件）  総合8点 📡3ソース
  🔲 [ 88/560] (34.792, 135.376) → 3件（新規: 2院）
    ▶ 歯科楠山医院（★3・2件）  総合0点 📡0ソース
    ▶ 西山歯科（★2・1件）  総合0点 📡3ソース
    ▶ 六花デンタルクリニック（★4.6・9件）  総合2点 📡1ソース
  🔲 [ 89/560] (34.792, 135.384) → 5件（新規: 2院）
    ▶ 歯科楠山医院（★3・2件）  総合0点 📡0ソース
    ▶ 杉本歯科医院（★3.9・9件）  総合0点 📡1ソース
    ▶ 安藤歯科医院 伊丹院（★3.7・9件）  総合0点 📡1ソース
  🔲 [ 90/560] (34.792, 135.392) → 4件（新規: 2院）
    ▶ こんどう歯科医院（★3.1・11件）  総合0点 📡1ソース
    ▶ 杉本歯科医院（★3.9・9件）  総合0点 📡1ソース
    ▶ 松本歯科（★3.7・3件）  総合0点 📡0ソース
    ▶ 安藤歯科医院 伊丹院（★3.7・9件）  総合0点 📡1ソース
  🔲 [ 91/560] (34.792, 135.4) → 2件（新規: 1院）
    ▶ こんどう歯科医院（★3.1・11件）  総合0点 📡1ソース
    ▶ 宮田歯科（★4.3・8件）  総合2点 📡0ソース
  🔲 [ 92/560] (34.792, 135.408) → 1件（新規: 1院）
    ▶ 福武歯科医院（★4.5・10件）  総合2点 📡3ソース
  🔲 [ 93/560] (34.792, 135.416) → 3件（新規: 1院）
    ▶ 黒岩歯科（★0・0件）  総合0点 📡0ソース
    ▶ 森田歯科医院（★5・5件）  総合2点 📡1ソース
  🔲 [ 94/560] (34.792, 135.424) → 0件（新規: 0院）
  🔲 [ 95/560] (34.792, 135.432) → 0件（新規: 0院）
  🔲 [ 96/560] (34.792, 135.44) → 0件（新規: 0院）
  🔲 [ 97/560] (34.792, 135.448) → 8件（新規: 8院）
    ▶ ひがし歯科医院（★4.5・96件）  総合8点 📡3ソース
    ▶ 尾崎歯科医院（★4・5件）  総合2点 📡0ソース
    ▶ にしかわ歯科医院（★3.3・6件）  総合0点 📡0ソース
    ▶ 医療法人MYS 本庄歯科クリニック（★3.9・33件）  総合0点 📡1ソース
    ▶ 小田歯科医院（★3・2件）  総合0点 📡3ソース
    ▶ いけだ歯科（★4.6・11件）  総合2点 📡2ソース
    ▶ デンタルフィッターまうす（★0・0件）  総合0点 📡0ソース
    ▶ ごとう歯科クリニック 豊中市 歯医者/セラミ（★4.3・33件）  総合5点 📡2ソース
  🔲 [ 98/560] (34.792, 135.456) → 5件（新規: 3院）
    ▶ パリムデンタルクリニック（★0・0件）  総合0点 📡1ソース
    ▶ 医療法人健揚会 うおた歯科医院（★3.3・17件）  総合0点 📡3ソース
    ▶ 城徳歯科医院（★3.9・9件）  総合0点 📡1ソース
    ▶ にしかわ歯科医院（★3.3・6件）  総合0点 📡0ソース
  🔲 [ 99/560] (34.792, 135.464) → 20件（新規: 5院）
    ▶ 市村歯科医院（★0・0件）  総合0点 📡0ソース
    ▶ 西山歯科医院（★2.7・3件）  総合0点 📡0ソース
    ▶ ヒラタ歯科（★4.2・5件）  総合2点 📡2ソース
    ▶ 片桐歯科医院（★0・0件）  総合0点 📡0ソース
    ▶ 早田歯科医院（★3.7・16件）  総合0点 📡1ソース
    ▶ 城徳歯科医院（★3.9・9件）  総合0点 📡1ソース
    ▶ 江本歯科医院（★0・0件）  総合0点 📡0ソース
    ▶ 医療法人健揚会 うおた歯科医院（★3.3・17件）  総合0点 📡3ソース
  🔲 [100/560] (34.792, 135.472) → 7件（新規: 4院）
    ▶ 池澤歯科クリニック 豊中（★4.3・15件）  総合2点 📡2ソース
    ▶ 三木歯科医院（★3・2件）  総合0点 📡0ソース
    ▶ いわさきファミリー歯科・矯正歯科（★4.5・20件）  総合5点 📡2ソース
    ▶ 江本歯科医院（★0・0件）  総合0点 📡0ソース
    ▶ 太田歯科医院（★4・2件）  総合0点 📡0ソース
    ▶ Y's歯科クリニック(ワイズ歯科クリニック)（★4.5・34件）  総合5点 📡2ソース
    ▶ さくら歯科 豊中院（★4.1・21件）  総合2点 📡2ソース

  💾 100グリッド完了・DB保存: 281院

  🔲 [101/560] (34.8, 135.32) → 0件（新規: 0院）
  🔲 [102/560] (34.8, 135.328) → 0件（新規: 0院）
  🔲 [103/560] (34.8, 135.336) → 0件（新規: 0院）
  🔲 [104/560] (34.8, 135.344) → 11件（新規: 11院）
    ▶ みずの歯科（★4.4・8件）  総合2点 📡2ソース
    ▶ 宝塚インプラント（★0・0件）  総合0点 📡2ソース
    ▶ 笹山歯科医院（★4.1・14件）  総合2点 📡3ソース
    ▶ 宝塚 歯科 エイチアンドエル（★4.8・256件）  総合8点 📡3ソース
    ▶ 栗田歯科クリニック（★4.7・15件）  総合2点 📡0ソース
    ▶ あが歯科医院（★4.8・4件）  総合0点 📡2ソース
    ▶ 松野歯科医院（★4.6・68件）  総合8点 📡2ソース
    ▶ ホワイトニングクリニック A 宝塚店（★4.4・12件）  総合2点 📡0ソース
    ▶ 吉田歯科（★0・0件）  総合0点 📡1ソース
    ▶ 宝塚スミレデンタルクリニック（★4.1・32件）  総合2点 📡2ソース
    ▶ 逆瀬川美松歯科（★0・0件）  総合0点 📡0ソース
  🔲 [105/560] (34.8, 135.352) → 20件（新規: 13院）
    ▶ アゼリア歯科クリニック（★4.5・84件）  総合8点 📡3ソース
    ▶ 山口歯科医院（★0・0件）  総合0点 📡0ソース
    ▶ 渡部歯科医院（★5・2件）  総合0点 📡0ソース
    ▶ もとえ歯科医院（★3.8・4件）  総合0点 📡0ソース
    ▶ あが歯科医院（★4.8・4件）  総合0点 📡2ソース
    ▶ 矯正歯科たかぎ·クリニック（★2.3・19件）  総合0点 📡3ソース
    ▶ 中井歯科医院（★4.8・5件）  総合2点 📡1ソース
    ▶ 平田歯科医院（★0・0件）  総合0点 📡1ソース
    ▶ 逆瀬川美松歯科（★0・0件）  総合0点 📡0ソース
    ▶ 逆瀬川訪問歯科クリニック（★0・0件）  総合0点 📡0ソース
    ▶ イワセ歯科・矯正歯科クリニック（★4.5・30件）  総合5点 📡2ソース
    ▶ 宝塚逆瀬川歯科医院（★3.5・37件）  総合0点 📡1ソース
    ▶ きょうめん矯正歯科（★5・1件）  総合0点 📡1ソース
    ▶ ホワイトエッセンス加盟院（逆瀬川）（★4.4・18件）  総合2点 📡2ソース
    ▶ 田中歯科医院（★4.9・8件）  総合2点 📡2ソース
    ▶ 吉田歯科（★0・0件）  総合0点 📡1ソース
  🔲 [106/560] (34.8, 135.36) → 10件（新規: 3院）
    ▶ 安部歯科医院（★0・0件）  総合0点 📡0ソース
    ▶ 山本歯科医院（★0・0件）  総合0点 📡0ソース
    ▶ 廣瀬歯科医院（★0・0件）  総合0点 📡0ソース
    ▶ きょうめん矯正歯科（★5・1件）  総合0点 📡1ソース
    ▶ 福田歯科医院（★3・4件）  総合0点 📡0ソース
    ▶ 逆瀬川訪問歯科クリニック（★0・0件）  総合0点 📡0ソース
  🔲 [107/560] (34.8, 135.368) → 1件（新規: 0院）
  🔲 [108/560] (34.8, 135.376) → 2件（新規: 2院）
    ▶ カナダ歯科医院（★3.3・3件）  総合0点 📡0ソース
    ▶ きばた歯科医院（★3.3・12件）  総合0点 📡2ソース
  🔲 [109/560] (34.8, 135.384) → 4件（新規: 4院）
    ▶ 宇都宮デンタルクリニック（★3.2・5件）  総合0点 📡0ソース
    ▶ ひろ歯科クリニック 伊丹 矯正歯科（★3.8・20件）  総合0点 📡2ソース
    ▶ ヨシダデンタルラボラトリー（★0・0件）  総合0点 📡0ソース
    ▶ 岩田歯科（★3.9・9件）  総合0点 📡1ソース
  🔲 [110/560] (34.8, 135.392) → 6件（新規: 1院）
    ▶ 武藤歯科医院（★0・0件）  総合0点 📡0ソース
    ▶ 岩田歯科（★3.9・9件）  総合0点 📡1ソース
    ▶ 宇都宮デンタルクリニック（★3.2・5件）  総合0点 📡0ソース
    ▶ ヨシダデンタルラボラトリー（★0・0件）  総合0点 📡0ソース
    ▶ ひろ歯科クリニック 伊丹 矯正歯科（★3.8・20件）  総合0点 📡2ソース
    ▶ 松本歯科（★3.7・3件）  総合0点 📡0ソース
  🔲 [111/560] (34.8, 135.4) → 1件（新規: 1院）
    ▶ 宇津歯科（★3・2件）  総合0点 📡0ソース
  🔲 [112/560] (34.8, 135.408) → 1件（新規: 0院）
    ▶ 宇津歯科（★3・2件）  総合0点 📡0ソース
  🔲 [113/560] (34.8, 135.416) → 2件（新規: 1院）
    ▶ はあもす歯科こども歯科クリニック（★3.4・12件）  総合0点 📡2ソース
  🔲 [114/560] (34.8, 135.424) → 0件（新規: 0院）
  🔲 [115/560] (34.8, 135.432) → 0件（新規: 0院）
  🔲 [116/560] (34.8, 135.44) → 0件（新規: 0院）
  🔲 [117/560] (34.8, 135.448) → 7件（新規: 2院）
    ▶ まんごく歯科医院（★4.7・6件）  総合2点 📡0ソース
    ▶ 石井歯科医院（★4.3・65件）  総合5点 📡1ソース
    ▶ デンタルフィッターまうす（★0・0件）  総合0点 📡0ソース
    ▶ 小田歯科医院（★3・2件）  総合0点 📡3ソース
    ▶ 医療法人MYS 本庄歯科クリニック（★3.9・33件）  総合0点 📡1ソース
  🔲 [118/560] (34.8, 135.456) → 0件（新規: 0院）
  🔲 [119/560] (34.8, 135.464) → 5件（新規: 4院）
    ▶ 松尾歯科医院（★3・3件）  総合0点 📡0ソース
    ▶ 医療法人津金歯科医院（★4・5件）  総合2点 📡0ソース
    ▶ なおき矯正歯科・小児矯正歯科（★5・7件）  総合2点 📡3ソース
    ▶ つがねファミリー歯科（★0・0件）  総合0点 📡1ソース
  🔲 [120/560] (34.8, 135.472) → 3件（新規: 2院）
    ▶ まんだ歯科医院（★5・1件）  総合0点 📡1ソース
    ▶ ヘルスケア松本歯科クリニック（★1・3件）  総合0点 📡3ソース

  💾 120グリッド完了・DB保存: 325院

  🔲 [121/560] (34.808, 135.32) → 0件（新規: 0院）
  🔲 [122/560] (34.808, 135.328) → 0件（新規: 0院）
  🔲 [123/560] (34.808, 135.336) → 8件（新規: 8院）
    ▶ ブルームデンタルクリニック（★4.9・88件）  総合8点 📡2ソース
    ▶ 高橋歯科医院（★4.3・3件）  総合0点 📡2ソース
    ▶ ますたにデンタルクリニック（★0・0件）  総合0点 📡0ソース
    ▶ まんなみ歯科（★1・1件）  総合0点 📡0ソース
    ▶ 小田矯正歯科クリニック（★4.7・29件）  総合5点 📡1ソース
    ▶ Shine Lab.（★0・0件）  総合0点 📡1ソース
    ▶ 楠本歯科医院（★3.4・5件）  総合0点 📡2ソース
    ▶ 宝塚駅前ホワイト歯科・矯正歯科（★4.4・31件）  総合5点 📡3ソース
  🔲 [124/560] (34.808, 135.344) → 23件（新規: 11院）
    ▶ 宝塚インプラント（★0・0件）  総合0点 📡2ソース
    ▶ まんなみ歯科（★1・1件）  総合0点 📡0ソース
    ▶ ますたにデンタルクリニック（★0・0件）  総合0点 📡0ソース
    ▶ 澤歯科医院（★0・0件）  総合0点 📡0ソース
    ▶ おおた歯科クリニック（★5・1件）  総合0点 📡0ソース
    ▶ 奥田歯科クリニック（★4.9・36件）  総合5点 📡3ソース
    ▶ ライフ歯科 宝塚（★0・0件）  総合0点 📡0ソース
    ▶ 澤村歯科クリニック（★3.9・35件）  総合0点 📡1ソース
    ▶ 宝塚ファミリー歯科クリニック（★2.6・11件）  総合0点 📡1ソース
    ▶ 楠本歯科医院（★3.4・5件）  総合0点 📡2ソース
    ▶ もりた矯正歯科（★0・0件）  総合0点 📡3ソース
    ▶ 宝塚ライフ歯科・矯正歯科（★4.7・776件）  総合8点 📡3ソース
    ▶ 富永歯科医院（★2.1・8件）  総合0点 📡1ソース
    ▶ 戸田歯科（★5・2件）  総合0点 📡0ソース
    ▶ Adachi Dental Clinic（★5・2件）  総合0点 📡0ソース
    ▶ Yoshida Dental Clinic（★0・0件）  総合0点 📡1ソース
    ▶ Shine Lab.（★0・0件）  総合0点 📡1ソース
  🔲 [125/560] (34.808, 135.352) → 8件（新規: 4院）
    ▶ きっかわ歯科医院（★3・2件）  総合0点 📡0ソース
    ▶ やまだ歯科（★4.5・75件）  総合8点 📡2ソース
    ▶ 宝塚あさひ歯科クリニック（★4.8・33件）  総合5点 📡3ソース
    ▶ もりた歯科医院（★2.7・7件）  総合0点 📡1ソース
    ▶ 戸田歯科（★5・2件）  総合0点 📡0ソース
    ▶ 富永歯科医院（★2.1・8件）  総合0点 📡1ソース
    ▶ 吉田歯科（★0・0件）  総合0点 📡1ソース
  🔲 [126/560] (34.808, 135.36) → 6件（新規: 1院）
    ▶ 廣瀬歯科医院（★0・0件）  総合0点 📡0ソース
    ▶ きっかわ歯科医院（★3・2件）  総合0点 📡0ソース
    ▶ おざわ歯科（★4.4・23件）  総合5点 📡1ソース
    ▶ 福田歯科医院（★3・4件）  総合0点 📡0ソース
  🔲 [127/560] (34.808, 135.368) → 1件（新規: 1院）
    ▶ ほづみ歯科（★4.5・2件）  総合0点 📡0ソース
  🔲 [128/560] (34.808, 135.376) → 1件（新規: 1院）
    ▶ 荒牧あおやま歯科医院（★3.2・26件）  総合0点 📡2ソース
  🔲 [129/560] (34.808, 135.384) → 2件（新規: 1院）
    ▶ 荒牧あおやま歯科医院（★3.2・26件）  総合0点 📡2ソース
    ▶ 渡辺歯科（★3.4・5件）  総合0点 📡3ソース
  🔲 [130/560] (34.808, 135.392) → 4件（新規: 2院）
    ▶ 福田歯科医院（★5・2件）  総合0点 📡0ソース
    ▶ マツダデンタルクリニック（★4.5・4件）  総合0点 📡0ソース
    ▶ 武藤歯科医院（★0・0件）  総合0点 📡0ソース
    ▶ 渡辺歯科（★3.4・5件）  総合0点 📡3ソース
  🔲 [131/560] (34.808, 135.4) → 2件（新規: 1院）
    ▶ よしの歯科クリニック（★4.7・202件）  総合8点 📡2ソース
    ▶ マツダデンタルクリニック（★4.5・4件）  総合0点 📡0ソース
  🔲 [132/560] (34.808, 135.408) → 2件（新規: 1院）
    ▶ 前田歯科院（★0・0件）  総合0点 📡0ソース
  🔲 [133/560] (34.808, 135.416) → 1件（新規: 0院）
    ▶ 前田歯科院（★0・0件）  総合0点 📡0ソース
  🔲 [134/560] (34.808, 135.424) → 0件（新規: 0院）
  🔲 [135/560] (34.808, 135.432) → 2件（新規: 2院）
    ▶ 望月歯科（★4.8・4件）  総合0点 📡0ソース
    ▶ 池田歯科医院（★3.3・3件）  総合0点 📡1ソース
  🔲 [136/560] (34.808, 135.44) → 14件（新規: 14院）
    ▶ 医療法人昭成会 加藤歯科（★3・6件）  総合0点 📡3ソース
    ▶ はぴねす歯科・矯正歯科 石橋駅前クリニック（★4.6・404件）  総合8点 📡3ソース
    ▶ 三原歯科医院（★2.3・4件）  総合0点 📡2ソース
    ▶ 北原歯科医院（★3.7・3件）  総合0点 📡0ソース
    ▶ 美馬歯科（★0・0件）  総合0点 📡1ソース
    ▶ セルフホワイトニングサロン BRIGHT（★5・1件）  総合0点 📡1ソース
    ▶ 中西歯科クリニック（★4.5・100件）  総合8点 📡3ソース
    ▶ なかにし矯正歯科クリニック（★4.8・110件）  総合8点 📡2ソース
    ▶ 森歯科医院（★0・0件）  総合0点 📡0ソース
    ▶ はま歯科（★4・4件）  総合0点 📡1ソース
    ▶ たつみなかにし歯科医院（★4.9・109件）  総合8点 📡2ソース
    ▶ 延原歯科医院（★3.1・7件）  総合0点 📡2ソース
    ▶ 佐々木歯科医院（★3.2・25件）  総合0点 📡1ソース
    ▶ 桑田歯科（★4.6・48件）  総合5点 📡2ソース
  🔲 [137/560] (34.808, 135.448) → 19件（新規: 4院）
    ▶ 北原歯科医院（★3.7・3件）  総合0点 📡0ソース
    ▶ 三原歯科医院（★2.3・4件）  総合0点 📡2ソース
    ▶ アサヒデンタルラボラトリー（★0・0件）  総合0点 📡0ソース
    ▶ 医療法人昭成会 加藤歯科（★3・6件）  総合0点 📡3ソース
    ▶ 美馬歯科（★0・0件）  総合0点 📡1ソース
    ▶ はま歯科（★4・4件）  総合0点 📡1ソース
    ▶ イノウエ矯正＆歯科（★4.6・116件）  総合8点 📡2ソース
    ▶ （有）ＫＳデンタルラボラトリー（★0・0件）  総合0点 📡0ソース
    ▶ メディカルホワイトニングHAKU 石橋阪大前（★4.2・9件）  総合2点 📡1ソース
    ▶ 延原歯科医院（★3.1・7件）  総合0点 📡2ソース
    ▶ 森歯科医院（★0・0件）  総合0点 📡0ソース
    ▶ 佐々木歯科医院（★3.2・25件）  総合0点 📡1ソース
    ▶ セルフホワイトニングサロン BRIGHT（★5・1件）  総合0点 📡1ソース
  🔲 [138/560] (34.808, 135.456) → 2件（新規: 2院）
    ▶ フジデンタルクリニック（★5・26件）  総合5点 📡2ソース
    ▶ うえさか歯科・矯正歯科（★4.8・54件）  総合8点 📡3ソース
  🔲 [139/560] (34.808, 135.464) → 5件（新規: 2院）
    ▶ 伊東歯科医院（★5・1件）  総合0点 📡0ソース
    ▶ つがねファミリー歯科（★0・0件）  総合0点 📡1ソース
    ▶ はっとり歯科医院（★4・1件）  総合0点 📡0ソース
  🔲 [140/560] (34.808, 135.472) → 12件（新規: 9院）
    ▶ そりまち歯科医院（★3・2件）  総合0点 📡1ソース
    ▶ まんだ歯科医院（★5・1件）  総合0点 📡1ソース
    ▶ 亀井歯科医院（★3.6・14件）  総合0点 📡2ソース
    ▶ 三浦歯科医院（★1・1件）  総合0点 📡1ソース
    ▶ 豊中エンパシーデンタルクリニック（★4.7・126件）  総合8点 📡3ソース
    ▶ ふじた歯科（★4.6・7件）  総合2点 📡2ソース
    ▶ 医療法人慈恩会 少路ファミリーデンタルクリニ（★3.5・17件）  総合0点 📡2ソース
    ▶ 豊中少路ANT歯科・矯正歯科（★5・7件）  総合2点 📡3ソース
    ▶ ヘルスケア松本歯科クリニック（★1・3件）  総合0点 📡3ソース
    ▶ やまさき歯科（★5・5件）  総合2点 📡2ソース
    ▶ ながよしデンタルクリニック（★4.4・236件）  総合5点 📡3ソース
    ▶ はっとり歯科医院（★4・1件）  総合0点 📡0ソース

  💾 140グリッド完了・DB保存: 389院

  🔲 [141/560] (34.816, 135.32) → 0件（新規: 0院）
  🔲 [142/560] (34.816, 135.328) → 1件（新規: 1院）
    ▶ きむら歯科医院（★3.7・6件）  総合0点 📡0ソース
  🔲 [143/560] (34.816, 135.336) → 4件（新規: 1院）
    ▶ きむら歯科医院（★3.7・6件）  総合0点 📡0ソース
    ▶ くるじ歯科（★0・0件）  総合0点 📡0ソース
    ▶ 高橋歯科医院（★4.3・3件）  総合0点 📡2ソース
    ▶ Shine Lab.（★0・0件）  総合0点 📡1ソース
  🔲 [144/560] (34.816, 135.344) → 5件（新規: 1院）
    ▶ 江本歯科医院（★4.9・23件）  総合5点 📡2ソース
    ▶ おおた歯科クリニック（★5・1件）  総合0点 📡0ソース
    ▶ 澤歯科医院（★0・0件）  総合0点 📡0ソース
    ▶ 足立歯科医院（★5・2件）  総合0点 📡0ソース
    ▶ もりた矯正歯科（★0・0件）  総合0点 📡3ソース
  🔲 [145/560] (34.816, 135.352) → 0件（新規: 0院）
  🔲 [146/560] (34.816, 135.36) → 1件（新規: 1院）
    ▶ ゆか歯科クリニック（★1・4件）  総合0点 📡1ソース
  🔲 [147/560] (34.816, 135.368) → 8件（新規: 6院）
    ▶ 宝塚こども歯科（★3.9・39件）  総合0点 📡3ソース
    ▶ ほづみ歯科（★4.5・2件）  総合0点 📡0ソース
    ▶ 加納歯科クリニック（★4.2・6件）  総合2点 📡1ソース
    ▶ とがわ歯科クリニック（★4.5・64件）  総合8点 📡1ソース
    ▶ さくら矯正歯科（★5・1件）  総合0点 📡1ソース
    ▶ ホワイトニング宝塚（★0・0件）  総合0点 📡0ソース
    ▶ かねしろ歯科クリニック（★4.6・33件）  総合5点 📡3ソース
    ▶ ゆか歯科クリニック（★1・4件）  総合0点 📡1ソース
  🔲 [148/560] (34.816, 135.376) → 3件（新規: 0院）
    ▶ 宝塚こども歯科（★3.9・39件）  総合0点 📡3ソース
  🔲 [149/560] (34.816, 135.384) → 1件（新規: 1院）
    ▶ 谷口歯科医院（★3.8・5件）  総合0点 📡1ソース
  🔲 [150/560] (34.816, 135.392) → 5件（新規: 4院）
    ▶ 庄田歯科医院（★4.2・5件）  総合2点 📡0ソース
    ▶ 川田歯科医院（★0・0件）  総合0点 📡0ソース
    ▶ 谷口歯科医院（★3.8・5件）  総合0点 📡1ソース
    ▶ エール歯科・エールこども歯科（★4.9・130件）  総合8点 📡2ソース
    ▶ よねだ歯科医院（★3.9・18件）  総合0点 📡2ソース
  🔲 [151/560] (34.816, 135.4) → 1件（新規: 0院）
    ▶ よねだ歯科医院（★3.9・18件）  総合0点 📡2ソース
  🔲 [152/560] (34.816, 135.408) → 2件（新規: 2院）
    ▶ 堀池歯科（★5・4件）  総合0点 📡1ソース
    ▶ もん歯科・こども矯正歯科クリニック（川西市）（★4.3・64件）  総合5点 📡3ソース
  🔲 [153/560] (34.816, 135.416) → 2件（新規: 0院）
    ▶ 堀池歯科（★5・4件）  総合0点 📡1ソース
  🔲 [154/560] (34.816, 135.424) → 11件（新規: 11院）
    ▶ 田川歯科クリニック（★4.3・23件）  総合5点 📡2ソース
    ▶ 安田歯科医院/池田インプラント（★4.7・18件）  総合2点 📡3ソース
    ▶ よし藤歯科医院（★3.4・7件）  総合0点 📡0ソース
    ▶ さわざき歯科（★4.3・6件）  総合2点 📡0ソース
    ▶ 木平歯科医院（★4・2件）  総合0点 📡0ソース
    ▶ いずみ歯科医院（★4.3・3件）  総合0点 📡0ソース
    ▶ 樋口歯科（★4.5・2件）  総合0点 📡1ソース
    ▶ やすらぎの街デンタルクリニック 池田市 歯医（★3.5・40件）  総合0点 📡2ソース
    ▶ 山片矯正歯科（★4.8・57件）  総合8点 📡3ソース
    ▶ Nasu Bldg. （那須ビル）（★0・0件）  総合0点 📡0ソース
    ▶ アールデンタルクリニック（★4.7・38件）  総合5点 📡2ソース
  🔲 [155/560] (34.816, 135.432) → 7件（新規: 5院）
    ▶ 望月歯科（★4.8・4件）  総合0点 📡0ソース
    ▶ くすやま歯科クリニック（★4・18件）  総合2点 📡1ソース
    ▶ うしむら歯科クリニック（★3.4・8件）  総合0点 📡0ソース
    ▶ マウス歯科（★4.8・113件）  総合8点 📡2ソース
    ▶ 医療法人たにぐち歯科・口腔外科（★4.8・242件）  総合8点 📡3ソース
    ▶ ART CERAM dental labo（★0・0件）  総合0点 📡0ソース
    ▶ 池田歯科医院（★3.3・3件）  総合0点 📡1ソース
  🔲 [156/560] (34.816, 135.44) → 5件（新規: 2院）
    ▶ 正木歯科（★4・1件）  総合0点 📡2ソース
    ▶ 西山歯科医院（★3.8・10件）  総合0点 📡2ソース
  🔲 [157/560] (34.816, 135.448) → 3件（新規: 0院）
    ▶ 正木歯科（★4・1件）  総合0点 📡2ソース
    ▶ アサヒデンタルラボラトリー（★0・0件）  総合0点 📡0ソース
    ▶ 西山歯科医院（★3.8・10件）  総合0点 📡2ソース
  🔲 [158/560] (34.816, 135.456) → 11件（新規: 9院）
    ▶ 藤本歯科医院（★0・0件）  総合0点 📡1ソース
    ▶ みずかみ歯科・矯正歯科クリニック（★4.8・13件）  総合2点 📡2ソース
    ▶ 箕面桜井 ほたる歯科クリニック（★3.9・8件）  総合0点 📡1ソース
    ▶ 北川歯科医院（★0・0件）  総合0点 📡0ソース
    ▶ タカシマデンタルクリニック（★4.6・9件）  総合2点 📡2ソース
    ▶ メープル歯科クリニック（★4.5・4件）  総合0点 📡1ソース
    ▶ 小宮歯科医院（★4.4・12件）  総合2点 📡1ソース
    ▶ おりべ歯科医院（★0・0件）  総合0点 📡0ソース
    ▶ 大野歯科医院（★4.8・6件）  総合2点 📡3ソース
  🔲 [159/560] (34.816, 135.464) → 13件（新規: 3院）
    ▶ 箕面桜井 ほたる歯科クリニック（★3.9・8件）  総合0点 📡1ソース
    ▶ さくらデンタルクリニック（★4.5・4件）  総合0点 📡1ソース
    ▶ 藤本歯科医院（★0・0件）  総合0点 📡1ソース
    ▶ 北川歯科医院（★0・0件）  総合0点 📡0ソース
    ▶ おりべ歯科医院（★0・0件）  総合0点 📡0ソース
    ▶ 大前歯科医院（★5・8件）  総合2点 📡0ソース
    ▶ メープル歯科クリニック（★4.5・4件）  総合0点 📡1ソース
    ▶ 亀井歯科医院（★3.6・14件）  総合0点 📡2ソース
    ▶ 宮田歯科診療所（★2.5・2件）  総合0点 📡0ソース
    ▶ はっとり歯科医院（★4・1件）  総合0点 📡0ソース
  🔲 [160/560] (34.816, 135.472) → 8件（新規: 4院）
    ▶ きたたに歯科医院（★4.2・6件）  総合2点 📡2ソース
    ▶ 宮田歯科診療所（★2.5・2件）  総合0点 📡0ソース
    ▶ 松林歯科（★4.3・7件）  総合2点 📡1ソース
    ▶ 亀井歯科医院（★3.6・14件）  総合0点 📡2ソース
    ▶ そりまち歯科医院（★3・2件）  総合0点 📡1ソース
    ▶ ゆう歯科クリニック（★4.4・19件）  総合2点 📡2ソース
    ▶ 豊中まさい 歯科クリニック（★4.5・13件）  総合2点 📡2ソース

  💾 160グリッド完了・DB保存: 440院

  🔲 [161/560] (34.824, 135.32) → 1件（新規: 1院）
    ▶ 芝辻歯科医院（★4.9・22件）  総合5点 📡2ソース
  🔲 [162/560] (34.824, 135.328) → 0件（新規: 0院）
  🔲 [163/560] (34.824, 135.336) → 0件（新規: 0院）
  🔲 [164/560] (34.824, 135.344) → 2件（新規: 1院）
    ▶ 平岡歯科クリニック（★4・4件）  総合0点 📡2ソース
  🔲 [165/560] (34.824, 135.352) → 0件（新規: 0院）
  🔲 [166/560] (34.824, 135.36) → 0件（新規: 0院）
  🔲 [167/560] (34.824, 135.368) → 1件（新規: 0院）
    ▶ ホワイトニング宝塚（★0・0件）  総合0点 📡0ソース
  🔲 [168/560] (34.824, 135.376) → 0件（新規: 0院）
  🔲 [169/560] (34.824, 135.384) → 4件（新規: 4院）
    ▶ ひろなか歯科クリニック（★3.7・9件）  総合0点 📡1ソース
    ▶ 山本歯科クリニック（★4.5・121件）  総合8点 📡2ソース
    ▶ 医療法人歯聖会 宝塚デンタルオフィス（★5・3件）  総合0点 📡2ソース
    ▶ フラワー歯科・矯正歯科 山本駅前クリニック（★4.8・86件）  総合8点 📡2ソース
  🔲 [170/560] (34.824, 135.392) → 5件（新規: 0院）
    ▶ 医療法人歯聖会 宝塚デンタルオフィス（★5・3件）  総合0点 📡2ソース
    ▶ ひろなか歯科クリニック（★3.7・9件）  総合0点 📡1ソース
  🔲 [171/560] (34.824, 135.4) → 2件（新規: 2院）
    ▶ さかうえ歯科クリニック（★4.5・8件）  総合2点 📡1ソース
    ▶ 河崎歯科医院（★4.5・2件）  総合0点 📡0ソース
  🔲 [172/560] (34.824, 135.408) → 7件（新規: 6院）
    ▶ 青山歯科医院（★4・14件）  総合2点 📡3ソース
    ▶ しまづ歯科医院（★4.7・3件）  総合0点 📡0ソース
    ▶ 河崎歯科医院（★4.5・2件）  総合0点 📡0ソース
    ▶ クリス歯科クリニック（★3.7・3件）  総合0点 📡2ソース
    ▶ 真田歯科クリニック（★4.8・24件）  総合5点 📡3ソース
    ▶ メディカルホワイトニングHAKU 川西能勢口（★4.4・25件）  総合5点 📡1ソース
    ▶ 市川歯科医院（★4.4・17件）  総合2点 📡3ソース
  🔲 [173/560] (34.824, 135.416) → 14件（新規: 12院）
    ▶ ひでき歯科クリニック（★4.8・99件）  総合8点 📡1ソース
    ▶ 藤木歯科医院（★4.6・74件）  総合8点 📡1ソース
    ▶ 田中デンタルクリニック（★4.2・38件）  総合2点 📡2ソース
    ▶ 福地歯科クリニック（★3.1・17件）  総合0点 📡3ソース
    ▶ スマイルプラス矯正歯科（★5・60件）  総合8点 📡2ソース
    ▶ しゅういち矯正歯科クリニック（★4.2・33件）  総合2点 📡3ソース
    ▶ しまだ歯科医院（★4.1・16件）  総合2点 📡2ソース
    ▶ 畑矯正歯科（★4.3・8件）  総合2点 📡3ソース
    ▶ くしだ歯科医院（★3.8・16件）  総合0点 📡2ソース
    ▶ 能勢口治療センター（★0・0件）  総合0点 📡0ソース
    ▶ 福家歯科医院（★0・0件）  総合0点 📡0ソース
    ▶ 川西歯医者 ライフ歯科・矯正歯科・小児歯科（★4.8・158件）  総合8点 📡3ソース
  🔲 [174/560] (34.824, 135.424) → 23件（新規: 13院）
    ▶ おうご歯科（★3.7・17件）  総合0点 📡3ソース
    ▶ よし藤歯科医院（★3.4・7件）  総合0点 📡0ソース
    ▶ 村尾歯科医院（★4.7・6件）  総合2点 📡0ソース
    ▶ 木平歯科医院（★4・2件）  総合0点 📡0ソース
    ▶ キッタカ歯科（★4・2件）  総合0点 📡0ソース
    ▶ 篠原歯科医院（★5・2件）  総合0点 📡2ソース
    ▶ 池田カツベ歯科・矯正歯科（★5・29件）  総合5点 📡2ソース
    ▶ おおやま歯科（★3.6・9件）  総合0点 📡2ソース
    ▶ 井村歯科（★4.8・8件）  総合2点 📡0ソース
    ▶ おとなの歯科室（★4.6・28件）  総合5点 📡1ソース
    ▶ こいし・こども矯正歯科 小児歯科ランド（★4.9・293件）  総合8点 📡1ソース
    ▶ つしま歯科（★4.7・22件）  総合5点 📡2ソース
    ▶ ヒロ歯科クリニック 池田市（★4.5・6件）  総合2点 📡2ソース
    ▶ Nasu Bldg. （那須ビル）（★0・0件）  総合0点 📡0ソース
    ▶ ハーモニーデンタルクリニック 池田駅 歯医者（★2.9・20件）  総合0点 📡1ソース
    ▶ やすらぎの街デンタルクリニック 池田市 歯医（★3.5・40件）  総合0点 📡2ソース
    ▶ Higuchi Dental Clinic（★4.5・2件）  総合0点 📡1ソース
    ▶ Nagashima Dental Clini（★0・0件）  総合0点 📡0ソース
  🔲 [175/560] (34.824, 135.432) → 12件（新規: 2院）
    ▶ 亀山歯科（★0・0件）  総合0点 📡2ソース
    ▶ よし藤歯科医院（★3.4・7件）  総合0点 📡0ソース
    ▶ おうご歯科（★3.7・17件）  総合0点 📡3ソース
    ▶ うしむら歯科クリニック（★3.4・8件）  総合0点 📡0ソース
    ▶ みと歯科医院（★5・1件）  総合0点 📡0ソース
    ▶ 長嶋歯科医院（★0・0件）  総合0点 📡0ソース
    ▶ ハーモニーデンタルクリニック 池田駅 歯医者（★2.9・20件）  総合0点 📡1ソース
  🔲 [176/560] (34.824, 135.44) → 4件（新規: 2院）
    ▶ 亀山歯科（★0・0件）  総合0点 📡2ソース
    ▶ マリー歯科医院（★4.5・2件）  総合0点 📡0ソース
    ▶ ニシカワ歯科（★0・0件）  総合0点 📡1ソース
    ▶ みと歯科医院（★5・1件）  総合0点 📡0ソース
  🔲 [177/560] (34.824, 135.448) → 4件（新規: 3院）
    ▶ おぎそ歯科クリニック（★4.2・5件）  総合2点 📡2ソース
    ▶ 旭ヶ丘ホリクリニック（★3.4・10件）  総合0点 📡1ソース
    ▶ 米山歯科医院（★4.4・8件）  総合2点 📡2ソース
    ▶ ニシカワ歯科（★0・0件）  総合0点 📡1ソース
  🔲 [178/560] (34.824, 135.456) → 6件（新規: 3院）
    ▶ 篤信会（医療法人）阪口歯科医院（★0・0件）  総合0点 📡0ソース
    ▶ 淺村歯科（★3.7・3件）  総合0点 📡2ソース
    ▶ てらむら歯科（★4.8・16件）  総合2点 📡2ソース
  🔲 [179/560] (34.824, 135.464) → 8件（新規: 3院）
    ▶ さくらデンタルクリニック（★4.5・4件）  総合0点 📡1ソース
    ▶ 淺村歯科（★3.7・3件）  総合0点 📡2ソース
    ▶ 篤信会（医療法人）阪口歯科医院（★0・0件）  総合0点 📡0ソース
    ▶ 谷歯科医院（★4・12件）  総合2点 📡2ソース
    ▶ 医療法人メディエフ寺嶋歯科医院（★4.8・640件）  総合8点 📡2ソース
    ▶ かわばた歯科クリニック（★4.7・13件）  総合2点 📡1ソース
  🔲 [180/560] (34.824, 135.472) → 12件（新規: 10院）
    ▶ 木田歯科医院（★3.3・3件）  総合0点 📡1ソース
    ▶ ひがしさわ歯科医院（★4.7・13件）  総合2点 📡3ソース
    ▶ 河辺歯科医院（★5・1件）  総合0点 📡0ソース
    ▶ ますの歯科 矯正歯科+KIDS（★4.8・71件）  総合8点 📡3ソース
    ▶ 多田歯科医院（★4.2・13件）  総合2点 📡2ソース
    ▶ ヨコヤマ歯科（★4.9・120件）  総合8点 📡3ソース
    ▶ うえたひろ在宅歯科クリニック（★5・1件）  総合0点 📡3ソース
    ▶ なかい歯科医院 牧落【歯医者/ホワイトニング（★4・8件）  総合2点 📡2ソース
    ▶ こばし口腔外科・歯科総合クリニック箕面（★3.9・22件）  総合0点 📡2ソース
    ▶ ながせデンタルクリニック（★5・1件）  総合0点 📡0ソース

  💾 180グリッド完了・DB保存: 502院

  🔲 [181/560] (34.832, 135.32) → 0件（新規: 0院）
  🔲 [182/560] (34.832, 135.328) → 0件（新規: 0院）
  🔲 [183/560] (34.832, 135.336) → 0件（新規: 0院）
  🔲 [184/560] (34.832, 135.344) → 0件（新規: 0院）
  🔲 [185/560] (34.832, 135.352) → 0件（新規: 0院）
  🔲 [186/560] (34.832, 135.36) → 0件（新規: 0院）
  🔲 [187/560] (34.832, 135.368) → 2件（新規: 2院）
    ▶ ファミリーセンター歯科（★3.8・12件）  総合0点 📡2ソース
    ▶ 宇川歯科（★3.8・5件）  総合0点 📡3ソース
  🔲 [188/560] (34.832, 135.376) → 1件（新規: 1院）
    ▶ なかたにスマイル歯科医院（★3.6・10件）  総合0点 📡2ソース
  🔲 [189/560] (34.832, 135.384) → 1件（新規: 0院）
    ▶ なかたにスマイル歯科医院（★3.6・10件）  総合0点 📡2ソース
  🔲 [190/560] (34.832, 135.392) → 0件（新規: 0院）
  🔲 [191/560] (34.832, 135.4) → 1件（新規: 0院）
  🔲 [192/560] (34.832, 135.408) → 9件（新規: 5院）
    ▶ マツムラ歯科医院（★0・0件）  総合0点 📡1ソース
    ▶ しまづ歯科医院（★4.7・3件）  総合0点 📡0ソース
    ▶ 前田デンタルラボ（★0・0件）  総合0点 📡0ソース
    ▶ 大西歯科・口腔外科 川西院（★3.5・8件）  総合0点 📡1ソース
    ▶ はぴねす歯科川西能勢口駅前クリニック（★4.5・252件）  総合8点 📡1ソース
    ▶ こいけ歯科（★4.1・14件）  総合2点 📡3ソース
  🔲 [193/560] (34.832, 135.416) → 19件（新規: 3院）
    ▶ 福地歯科クリニック（★3.1・17件）  総合0点 📡3ソース
    ▶ マツムラ歯科医院（★0・0件）  総合0点 📡1ソース
    ▶ とくなが小児歯科クリニックレオ（★3.7・38件）  総合0点 📡1ソース
    ▶ 川西市歯科医師会立 訪問歯科センター（★0・0件）  総合0点 📡1ソース
    ▶ 福家歯科医院（★0・0件）  総合0点 📡0ソース
    ▶ 能勢口治療センター（★0・0件）  総合0点 📡0ソース
    ▶ 大西歯科・口腔外科 川西院（★3.5・8件）  総合0点 📡1ソース
    ▶ くしだ歯科医院（★3.8・16件）  総合0点 📡2ソース
    ▶ あさくら歯科（★4.3・33件）  総合5点 📡3ソース
    ▶ 前田デンタルラボ（★0・0件）  総合0点 📡0ソース
  🔲 [194/560] (34.832, 135.424) → 2件（新規: 1院）
    ▶ よしだ歯科（★3.6・5件）  総合0点 📡2ソース
    ▶ 川西市歯科医師会立 訪問歯科センター（★0・0件）  総合0点 📡1ソース
  🔲 [195/560] (34.832, 135.432) → 0件（新規: 0院）
  🔲 [196/560] (34.832, 135.44) → 1件（新規: 1院）
    ▶ 医療法人英歯会さつきやま歯科クリニック（★4.1・15件）  総合2点 📡3ソース
  🔲 [197/560] (34.832, 135.448) → 1件（新規: 1院）
    ▶ 安田歯科医院（★5・1件）  総合0点 📡0ソース
  🔲 [198/560] (34.832, 135.456) → 1件（新規: 0院）
    ▶ 安田歯科医院（★5・1件）  総合0点 📡0ソース
  🔲 [199/560] (34.832, 135.464) → 12件（新規: 12院）
    ▶ 箕面おとなこども歯科｜箕面市 池田市 豊中市（★4.7・162件）  総合8点 📡3ソース
    ▶ 尾川歯科医院（★4.7・35件）  総合5点 📡2ソース
    ▶ かつらぎ歯科（★4・3件）  総合0点 📡3ソース
    ▶ 黒木歯科医院｜箕面市【歯周病/歯科検診】（★4.1・15件）  総合2点 📡2ソース
    ▶ しずくいし歯科医院（★4.3・34件）  総合5点 📡3ソース
    ▶ 澤田歯科医院（★0・0件）  総合0点 📡1ソース
    ▶ 佐村歯科医院（★5・1件）  総合0点 📡3ソース
    ▶ なかの歯科（★4.5・4件）  総合0点 📡3ソース
    ▶ 杉本歯科医院（★1.5・2件）  総合0点 📡0ソース
    ▶ やまのい歯科クリニック（★4.9・54件）  総合8点 📡2ソース
    ▶ サンクス歯科（★3.1・8件）  総合0点 📡0ソース
    ▶ NARUデンタルクリニック（★5・44件）  総合5点 📡2ソース
  🔲 [200/560] (34.832, 135.472) → 21件（新規: 4院）
    ▶ かつらぎ歯科（★4・3件）  総合0点 📡3ソース
    ▶ 河辺歯科医院（★5・1件）  総合0点 📡0ソース
    ▶ ムラナカ歯科医院（★5・3件）  総合0点 📡1ソース
    ▶ 木田歯科医院（★3.3・3件）  総合0点 📡1ソース
    ▶ 足立矯正歯科（★2.6・5件）  総合0点 📡2ソース
    ▶ サンクス歯科（★3.1・8件）  総合0点 📡0ソース
    ▶ なかの歯科（★4.5・4件）  総合0点 📡3ソース
    ▶ 土居歯科医院（★3.8・10件）  総合0点 📡1ソース
    ▶ さだ森歯科（★5・6件）  総合2点 📡0ソース
    ▶ ながせデンタルクリニック（★5・1件）  総合0点 📡0ソース
    ▶ 杉本歯科医院（★1.5・2件）  総合0点 📡0ソース
    ▶ 佐村歯科医院（★5・1件）  総合0点 📡3ソース
    ▶ こばし口腔外科・歯科総合クリニック箕面（★3.9・22件）  総合0点 📡2ソース

  💾 200グリッド完了・DB保存: 532院

  🔲 [201/560] (34.84, 135.32) → 0件（新規: 0院）
  🔲 [202/560] (34.84, 135.328) → 0件（新規: 0院）
  🔲 [203/560] (34.84, 135.336) → 0件（新規: 0院）
  🔲 [204/560] (34.84, 135.344) → 0件（新規: 0院）
  🔲 [205/560] (34.84, 135.352) → 0件（新規: 0院）
  🔲 [206/560] (34.84, 135.36) → 1件（新規: 1院）
    ▶ ごうがみ歯科医院（★4.3・15件）  総合2点 📡2ソース
  🔲 [207/560] (34.84, 135.368) → 1件（新規: 0院）
  🔲 [208/560] (34.84, 135.376) → 0件（新規: 0院）
  🔲 [209/560] (34.84, 135.384) → 0件（新規: 0院）
  🔲 [210/560] (34.84, 135.392) → 0件（新規: 0院）
  🔲 [211/560] (34.84, 135.4) → 0件（新規: 0院）
  🔲 [212/560] (34.84, 135.408) → 1件（新規: 1院）
    ▶ みうら歯科医院（★4.3・19件）  総合2点 📡2ソース
  🔲 [213/560] (34.84, 135.416) → 4件（新規: 2院）
    ▶ 川西おとなこども歯科クリニック（★3.6・11件）  総合0点 📡2ソース
    ▶ 小来田歯科（★0・0件）  総合0点 📡0ソース
  🔲 [214/560] (34.84, 135.424) → 3件（新規: 0院）
    ▶ 川西おとなこども歯科クリニック（★3.6・11件）  総合0点 📡2ソース
    ▶ 小来田歯科（★0・0件）  総合0点 📡0ソース
  🔲 [215/560] (34.84, 135.432) → 0件（新規: 0院）
  🔲 [216/560] (34.84, 135.44) → 0件（新規: 0院）
  🔲 [217/560] (34.84, 135.448) → 0件（新規: 0院）
  🔲 [218/560] (34.84, 135.456) → 0件（新規: 0院）
  🔲 [219/560] (34.84, 135.464) → 0件（新規: 0院）
  🔲 [220/560] (34.84, 135.472) → 0件（新規: 0院）

  💾 220グリッド完了・DB保存: 536院

  🔲 [221/560] (34.848, 135.32) → 0件（新規: 0院）
  🔲 [222/560] (34.848, 135.328) → 0件（新規: 0院）
  🔲 [223/560] (34.848, 135.336) → 0件（新規: 0院）
  🔲 [224/560] (34.848, 135.344) → 0件（新規: 0院）
  🔲 [225/560] (34.848, 135.352) → 0件（新規: 0院）
  🔲 [226/560] (34.848, 135.36) → 0件（新規: 0院）
  🔲 [227/560] (34.848, 135.368) → 0件（新規: 0院）
  🔲 [228/560] (34.848, 135.376) → 0件（新規: 0院）
  🔲 [229/560] (34.848, 135.384) → 0件（新規: 0院）
  🔲 [230/560] (34.848, 135.392) → 0件（新規: 0院）
  🔲 [231/560] (34.848, 135.4) → 0件（新規: 0院）
  🔲 [232/560] (34.848, 135.408) → 0件（新規: 0院）
  🔲 [233/560] (34.848, 135.416) → 0件（新規: 0院）
  🔲 [234/560] (34.848, 135.424) → 0件（新規: 0院）
  🔲 [235/560] (34.848, 135.432) → 1件（新規: 1院）
    ▶ サラヤ池田歯科クリニック（★5・1件）  総合0点 📡1ソース
  🔲 [236/560] (34.848, 135.44) → 1件（新規: 0院）
    ▶ サラヤ池田歯科クリニック（★5・1件）  総合0点 📡1ソース
  🔲 [237/560] (34.848, 135.448) → 0件（新規: 0院）
  🔲 [238/560] (34.848, 135.456) → 0件（新規: 0院）
  🔲 [239/560] (34.848, 135.464) → 0件（新規: 0院）
  🔲 [240/560] (34.848, 135.472) → 0件（新規: 0院）

  💾 240グリッド完了・DB保存: 537院

  🔲 [241/560] (34.856, 135.32) → 0件（新規: 0院）
  🔲 [242/560] (34.856, 135.328) → 0件（新規: 0院）
  🔲 [243/560] (34.856, 135.336) → 0件（新規: 0院）
  🔲 [244/560] (34.856, 135.344) → 0件（新規: 0院）
  🔲 [245/560] (34.856, 135.352) → 0件（新規: 0院）
  🔲 [246/560] (34.856, 135.36) → 0件（新規: 0院）
  🔲 [247/560] (34.856, 135.368) → 0件（新規: 0院）
  🔲 [248/560] (34.856, 135.376) → 0件（新規: 0院）
  🔲 [249/560] (34.856, 135.384) → 0件（新規: 0院）
  🔲 [250/560] (34.856, 135.392) → 0件（新規: 0院）
  🔲 [251/560] (34.856, 135.4) → 0件（新規: 0院）
  🔲 [252/560] (34.856, 135.408) → 1件（新規: 1院）
    ▶ 今村歯科医院（★3.7・6件）  総合0点 📡1ソース
  🔲 [253/560] (34.856, 135.416) → 6件（新規: 6院）
    ▶ 松添歯科医院（★3・2件）  総合0点 📡0ソース
    ▶ なかむら歯科（★4.8・6件）  総合2点 📡0ソース
    ▶ さくらい歯科（★4.3・14件）  総合2点 📡3ソース
    ▶ 川西みらい歯科・矯正歯科（★5・3件）  総合0点 📡2ソース
    ▶ 川西かきの歯科（★4.6・38件）  総合5点 📡2ソース
    ▶ 遠藤歯科診療所（★3.8・8件）  総合0点 📡1ソース
  🔲 [254/560] (34.856, 135.424) → 3件（新規: 0院）
    ▶ 遠藤歯科診療所（★3.8・8件）  総合0点 📡1ソース
  🔲 [255/560] (34.856, 135.432) → 0件（新規: 0院）
  🔲 [256/560] (34.856, 135.44) → 0件（新規: 0院）
  🔲 [257/560] (34.856, 135.448) → 0件（新規: 0院）
  🔲 [258/560] (34.856, 135.456) → 0件（新規: 0院）
  🔲 [259/560] (34.856, 135.464) → 0件（新規: 0院）
  🔲 [260/560] (34.856, 135.472) → 0件（新規: 0院）

  💾 260グリッド完了・DB保存: 544院

  🔲 [261/560] (34.864, 135.32) → 0件（新規: 0院）
  🔲 [262/560] (34.864, 135.328) → 0件（新規: 0院）
  🔲 [263/560] (34.864, 135.336) → 0件（新規: 0院）
  🔲 [264/560] (34.864, 135.344) → 0件（新規: 0院）
  🔲 [265/560] (34.864, 135.352) → 0件（新規: 0院）
  🔲 [266/560] (34.864, 135.36) → 0件（新規: 0院）
  🔲 [267/560] (34.864, 135.368) → 0件（新規: 0院）
  🔲 [268/560] (34.864, 135.376) → 0件（新規: 0院）
  🔲 [269/560] (34.864, 135.384) → 0件（新規: 0院）
  🔲 [270/560] (34.864, 135.392) → 0件（新規: 0院）
  🔲 [271/560] (34.864, 135.4) → 0件（新規: 0院）
  🔲 [272/560] (34.864, 135.408) → 0件（新規: 0院）
  🔲 [273/560] (34.864, 135.416) → 4件（新規: 3院）
    ▶ 松添歯科医院（★3・2件）  総合0点 📡0ソース
    ▶ 荒垣歯科医院（★0・0件）  総合0点 📡0ソース
    ▶ 原田歯科（★4.6・10件）  総合2点 📡3ソース
    ▶ さくら木歯科こども歯科（★4.5・141件）  総合8点 📡1ソース
  🔲 [274/560] (34.864, 135.424) → 0件（新規: 0院）
  🔲 [275/560] (34.864, 135.432) → 0件（新規: 0院）
  🔲 [276/560] (34.864, 135.44) → 0件（新規: 0院）
  🔲 [277/560] (34.864, 135.448) → 0件（新規: 0院）
  🔲 [278/560] (34.864, 135.456) → 0件（新規: 0院）
  🔲 [279/560] (34.864, 135.464) → 0件（新規: 0院）
  🔲 [280/560] (34.864, 135.472) → 0件（新規: 0院）

  💾 280グリッド完了・DB保存: 547院

  🔲 [281/560] (34.872, 135.32) → 0件（新規: 0院）
  🔲 [282/560] (34.872, 135.328) → 0件（新規: 0院）
  🔲 [283/560] (34.872, 135.336) → 0件（新規: 0院）
  🔲 [284/560] (34.872, 135.344) → 0件（新規: 0院）
  🔲 [285/560] (34.872, 135.352) → 0件（新規: 0院）
  🔲 [286/560] (34.872, 135.36) → 0件（新規: 0院）
  🔲 [287/560] (34.872, 135.368) → 0件（新規: 0院）
  🔲 [288/560] (34.872, 135.376) → 0件（新規: 0院）
  🔲 [289/560] (34.872, 135.384) → 2件（新規: 2院）
    ▶ みずくろ歯科（★2.8・12件）  総合0点 📡1ソース
    ▶ 河辺歯科（★2.8・8件）  総合0点 📡0ソース
  🔲 [290/560] (34.872, 135.392) → 2件（新規: 0院）
    ▶ みずくろ歯科（★2.8・12件）  総合0点 📡1ソース
    ▶ 河辺歯科（★2.8・8件）  総合0点 📡0ソース
  🔲 [291/560] (34.872, 135.4) → 2件（新規: 2院）
    ▶ 西島歯科クリニック（★3・3件）  総合0点 📡0ソース
    ▶ よこたデンタルクリニック（★3.9・7件）  総合0点 📡1ソース
  🔲 [292/560] (34.872, 135.408) → 2件（新規: 0院）
    ▶ 西島歯科クリニック（★3・3件）  総合0点 📡0ソース
    ▶ よこたデンタルクリニック（★3.9・7件）  総合0点 📡1ソース
  🔲 [293/560] (34.872, 135.416) → 2件（新規: 1院）
    ▶ 荒垣歯科医院（★0・0件）  総合0点 📡0ソース
    ▶ ふじい歯科（★3.6・25件）  総合0点 📡3ソース
  🔲 [294/560] (34.872, 135.424) → 0件（新規: 0院）
  🔲 [295/560] (34.872, 135.432) → 0件（新規: 0院）
  🔲 [296/560] (34.872, 135.44) → 0件（新規: 0院）
  🔲 [297/560] (34.872, 135.448) → 0件（新規: 0院）
  🔲 [298/560] (34.872, 135.456) → 0件（新規: 0院）
  🔲 [299/560] (34.872, 135.464) → 0件（新規: 0院）
  🔲 [300/560] (34.872, 135.472) → 0件（新規: 0院）

  💾 300グリッド完了・DB保存: 552院

  🔲 [301/560] (34.88, 135.32) → 0件（新規: 0院）
  🔲 [302/560] (34.88, 135.328) → 1件（新規: 1院）
    ▶ 日新堂歯科医院（★0・0件）  総合0点 📡1ソース
  🔲 [303/560] (34.88, 135.336) → 1件（新規: 0院）
    ▶ 日新堂歯科医院（★0・0件）  総合0点 📡1ソース
  🔲 [304/560] (34.88, 135.344) → 0件（新規: 0院）
  🔲 [305/560] (34.88, 135.352) → 0件（新規: 0院）
  🔲 [306/560] (34.88, 135.36) → 0件（新規: 0院）
  🔲 [307/560] (34.88, 135.368) → 0件（新規: 0院）
  🔲 [308/560] (34.88, 135.376) → 0件（新規: 0院）
  🔲 [309/560] (34.88, 135.384) → 1件（新規: 1院）
    ▶ 医療法人横田歯科（★5・1件）  総合0点 📡0ソース
  🔲 [310/560] (34.88, 135.392) → 1件（新規: 0院）
    ▶ 医療法人横田歯科（★5・1件）  総合0点 📡0ソース
  🔲 [311/560] (34.88, 135.4) → 0件（新規: 0院）
  🔲 [312/560] (34.88, 135.408) → 0件（新規: 0院）
  🔲 [313/560] (34.88, 135.416) → 3件（新規: 3院）
    ▶ にしだ歯科クリニック（★4.5・4件）  総合0点 📡1ソース
    ▶ まつうら歯科医院（★3・4件）  総合0点 📡0ソース
    ▶ 森永歯科医院（★4.8・6件）  総合2点 📡2ソース
  🔲 [314/560] (34.88, 135.424) → 0件（新規: 0院）
  🔲 [315/560] (34.88, 135.432) → 0件（新規: 0院）
  🔲 [316/560] (34.88, 135.44) → 0件（新規: 0院）
  🔲 [317/560] (34.88, 135.448) → 0件（新規: 0院）
  🔲 [318/560] (34.88, 135.456) → 0件（新規: 0院）
  🔲 [319/560] (34.88, 135.464) → 0件（新規: 0院）
  🔲 [320/560] (34.88, 135.472) → 0件（新規: 0院）

  💾 320グリッド完了・DB保存: 557院

  🔲 [321/560] (34.888, 135.32) → 0件（新規: 0院）
  🔲 [322/560] (34.888, 135.328) → 0件（新規: 0院）
  🔲 [323/560] (34.888, 135.336) → 0件（新規: 0院）
  🔲 [324/560] (34.888, 135.344) → 0件（新規: 0院）
  🔲 [325/560] (34.888, 135.352) → 0件（新規: 0院）
  🔲 [326/560] (34.888, 135.36) → 0件（新規: 0院）
  🔲 [327/560] (34.888, 135.368) → 1件（新規: 1院）
    ▶ しろの歯科クリニック（★2.7・7件）  総合0点 📡0ソース
  🔲 [328/560] (34.888, 135.376) → 0件（新規: 0院）
  🔲 [329/560] (34.888, 135.384) → 0件（新規: 0院）
  🔲 [330/560] (34.888, 135.392) → 0件（新規: 0院）
  🔲 [331/560] (34.888, 135.4) → 0件（新規: 0院）
  🔲 [332/560] (34.888, 135.408) → 1件（新規: 1院）
    ▶ 歯科たなかクリニック（★3.7・3件）  総合0点 📡3ソース
  🔲 [333/560] (34.888, 135.416) → 4件（新規: 1院）
    ▶ 中川歯科医院（★3.5・10件）  総合0点 📡2ソース
    ▶ にしだ歯科クリニック（★4.5・4件）  総合0点 📡1ソース
    ▶ まつうら歯科医院（★3・4件）  総合0点 📡0ソース
  🔲 [334/560] (34.888, 135.424) → 0件（新規: 0院）
  🔲 [335/560] (34.888, 135.432) → 0件（新規: 0院）
  🔲 [336/560] (34.888, 135.44) → 0件（新規: 0院）
  🔲 [337/560] (34.888, 135.448) → 0件（新規: 0院）
  🔲 [338/560] (34.888, 135.456) → 1件（新規: 1院）
    ▶ 箕面森町-吉田歯科クリニック（★2.8・18件）  総合0点 📡3ソース
  🔲 [339/560] (34.888, 135.464) → 1件（新規: 0院）
    ▶ 箕面森町-吉田歯科クリニック（★2.8・18件）  総合0点 📡3ソース
  🔲 [340/560] (34.888, 135.472) → 0件（新規: 0院）

  💾 340グリッド完了・DB保存: 561院

  🔲 [341/560] (34.896, 135.32) → 0件（新規: 0院）
  🔲 [342/560] (34.896, 135.328) → 0件（新規: 0院）
  🔲 [343/560] (34.896, 135.336) → 0件（新規: 0院）
  🔲 [344/560] (34.896, 135.344) → 0件（新規: 0院）
  🔲 [345/560] (34.896, 135.352) → 0件（新規: 0院）
  🔲 [346/560] (34.896, 135.36) → 1件（新規: 1院）
    ▶ ソノ歯科クリニック（★4.1・7件）  総合2点 📡2ソース
  🔲 [347/560] (34.896, 135.368) → 2件（新規: 2院）
    ▶ やの歯科（★2.9・9件）  総合0点 📡2ソース
    ▶ 安達歯科医院（★3.5・4件）  総合0点 📡0ソース
  🔲 [348/560] (34.896, 135.376) → 1件（新規: 0院）
    ▶ やの歯科（★2.9・9件）  総合0点 📡2ソース
  🔲 [349/560] (34.896, 135.384) → 0件（新規: 0院）
  🔲 [350/560] (34.896, 135.392) → 0件（新規: 0院）
  🔲 [351/560] (34.896, 135.4) → 0件（新規: 0院）
  🔲 [352/560] (34.896, 135.408) → 1件（新規: 1院）
    ▶ 川西あおき歯科・矯正歯科（★3.6・14件）  総合0点 📡3ソース
  🔲 [353/560] (34.896, 135.416) → 1件（新規: 0院）
    ▶ 川西あおき歯科・矯正歯科（★3.6・14件）  総合0点 📡3ソース
  🔲 [354/560] (34.896, 135.424) → 0件（新規: 0院）
  🔲 [355/560] (34.896, 135.432) → 1件（新規: 1院）
    ▶ おおたわ歯科（★2.3・3件）  総合0点 📡0ソース
  🔲 [356/560] (34.896, 135.44) → 2件（新規: 2院）
    ▶ 加藤歯科医院（★3・2件）  総合0点 📡0ソース
    ▶ 氷見歯科医院（★5・2件）  総合0点 📡0ソース
  🔲 [357/560] (34.896, 135.448) → 2件（新規: 2院）
    ▶ 小原歯科クリニック（★5・5件）  総合2点 📡0ソース
    ▶ 北川歯科（★4.3・4件）  総合0点 📡1ソース
  🔲 [358/560] (34.896, 135.456) → 0件（新規: 0院）
  🔲 [359/560] (34.896, 135.464) → 0件（新規: 0院）
  🔲 [360/560] (34.896, 135.472) → 0件（新規: 0院）

  💾 360グリッド完了・DB保存: 570院

  🔲 [361/560] (34.904, 135.32) → 0件（新規: 0院）
  🔲 [362/560] (34.904, 135.328) → 0件（新規: 0院）
  🔲 [363/560] (34.904, 135.336) → 0件（新規: 0院）
  🔲 [364/560] (34.904, 135.344) → 0件（新規: 0院）
  🔲 [365/560] (34.904, 135.352) → 0件（新規: 0院）
  🔲 [366/560] (34.904, 135.36) → 1件（新規: 1院）
    ▶ 米村歯科医院（★2・1件）  総合0点 📡1ソース
  🔲 [367/560] (34.904, 135.368) → 2件（新規: 1院）
    ▶ くがい歯科（★4.3・17件）  総合2点 📡1ソース
    ▶ 米村歯科医院（★2・1件）  総合0点 📡1ソース
  🔲 [368/560] (34.904, 135.376) → 0件（新規: 0院）
  🔲 [369/560] (34.904, 135.384) → 0件（新規: 0院）
  🔲 [370/560] (34.904, 135.392) → 2件（新規: 2院）
    ▶ 安達歯科医院（★3・3件）  総合0点 📡1ソース
    ▶ 杉田デンタルクリニック（★4.8・113件）  総合8点 📡3ソース
  🔲 [371/560] (34.904, 135.4) → 0件（新規: 0院）
  🔲 [372/560] (34.904, 135.408) → 0件（新規: 0院）
  🔲 [373/560] (34.904, 135.416) → 0件（新規: 0院）
  🔲 [374/560] (34.904, 135.424) → 0件（新規: 0院）
  🔲 [375/560] (34.904, 135.432) → 1件（新規: 0院）
    ▶ おおたわ歯科（★2.3・3件）  総合0点 📡0ソース
  🔲 [376/560] (34.904, 135.44) → 3件（新規: 1院）
    ▶ 医療法人ゆかり会ゆかりデンタルクリニック（★5・1件）  総合0点 📡0ソース
    ▶ 加藤歯科医院（★3・2件）  総合0点 📡0ソース
    ▶ 氷見歯科医院（★5・2件）  総合0点 📡0ソース
  🔲 [377/560] (34.904, 135.448) → 1件（新規: 0院）
    ▶ 北川歯科（★4.3・4件）  総合0点 📡1ソース
  🔲 [378/560] (34.904, 135.456) → 0件（新規: 0院）
  🔲 [379/560] (34.904, 135.464) → 0件（新規: 0院）
  🔲 [380/560] (34.904, 135.472) → 0件（新規: 0院）

  💾 380グリッド完了・DB保存: 575院

  🔲 [381/560] (34.912, 135.32) → 0件（新規: 0院）
  🔲 [382/560] (34.912, 135.328) → 0件（新規: 0院）
  🔲 [383/560] (34.912, 135.336) → 0件（新規: 0院）
  🔲 [384/560] (34.912, 135.344) → 0件（新規: 0院）
  🔲 [385/560] (34.912, 135.352) → 0件（新規: 0院）
  🔲 [386/560] (34.912, 135.36) → 0件（新規: 0院）
  🔲 [387/560] (34.912, 135.368) → 0件（新規: 0院）
  🔲 [388/560] (34.912, 135.376) → 0件（新規: 0院）
  🔲 [389/560] (34.912, 135.384) → 0件（新規: 0院）
  🔲 [390/560] (34.912, 135.392) → 1件（新規: 0院）
    ▶ 安達歯科医院（★3・3件）  総合0点 📡1ソース
  🔲 [391/560] (34.912, 135.4) → 0件（新規: 0院）
  🔲 [392/560] (34.912, 135.408) → 0件（新規: 0院）
  🔲 [393/560] (34.912, 135.416) → 0件（新規: 0院）
  🔲 [394/560] (34.912, 135.424) → 0件（新規: 0院）
  🔲 [395/560] (34.912, 135.432) → 0件（新規: 0院）
  🔲 [396/560] (34.912, 135.44) → 0件（新規: 0院）
  🔲 [397/560] (34.912, 135.448) → 0件（新規: 0院）
  🔲 [398/560] (34.912, 135.456) → 0件（新規: 0院）
  🔲 [399/560] (34.912, 135.464) → 0件（新規: 0院）
  🔲 [400/560] (34.912, 135.472) → 0件（新規: 0院）

  💾 400グリッド完了・DB保存: 575院

  🔲 [401/560] (34.92, 135.32) → 0件（新規: 0院）
  🔲 [402/560] (34.92, 135.328) → 0件（新規: 0院）
  🔲 [403/560] (34.92, 135.336) → 0件（新規: 0院）
  🔲 [404/560] (34.92, 135.344) → 0件（新規: 0院）
  🔲 [405/560] (34.92, 135.352) → 0件（新規: 0院）
  🔲 [406/560] (34.92, 135.36) → 0件（新規: 0院）
  🔲 [407/560] (34.92, 135.368) → 0件（新規: 0院）
  🔲 [408/560] (34.92, 135.376) → 0件（新規: 0院）
  🔲 [409/560] (34.92, 135.384) → 0件（新規: 0院）
  🔲 [410/560] (34.92, 135.392) → 0件（新規: 0院）
  🔲 [411/560] (34.92, 135.4) → 0件（新規: 0院）
  🔲 [412/560] (34.92, 135.408) → 0件（新規: 0院）
  🔲 [413/560] (34.92, 135.416) → 0件（新規: 0院）
  🔲 [414/560] (34.92, 135.424) → 0件（新規: 0院）
  🔲 [415/560] (34.92, 135.432) → 0件（新規: 0院）
  🔲 [416/560] (34.92, 135.44) → 0件（新規: 0院）
  🔲 [417/560] (34.92, 135.448) → 0件（新規: 0院）
  🔲 [418/560] (34.92, 135.456) → 0件（新規: 0院）
  🔲 [419/560] (34.92, 135.464) → 0件（新規: 0院）
  🔲 [420/560] (34.92, 135.472) → 0件（新規: 0院）

  💾 420グリッド完了・DB保存: 575院

  🔲 [421/560] (34.928, 135.32) → 0件（新規: 0院）
  🔲 [422/560] (34.928, 135.328) → 0件（新規: 0院）
  🔲 [423/560] (34.928, 135.336) → 0件（新規: 0院）
  🔲 [424/560] (34.928, 135.344) → 0件（新規: 0院）
  🔲 [425/560] (34.928, 135.352) → 0件（新規: 0院）
  🔲 [426/560] (34.928, 135.36) → 0件（新規: 0院）
  🔲 [427/560] (34.928, 135.368) → 0件（新規: 0院）
  🔲 [428/560] (34.928, 135.376) → 0件（新規: 0院）
  🔲 [429/560] (34.928, 135.384) → 0件（新規: 0院）
  🔲 [430/560] (34.928, 135.392) → 0件（新規: 0院）
  🔲 [431/560] (34.928, 135.4) → 0件（新規: 0院）
  🔲 [432/560] (34.928, 135.408) → 0件（新規: 0院）
  🔲 [433/560] (34.928, 135.416) → 0件（新規: 0院）
  🔲 [434/560] (34.928, 135.424) → 0件（新規: 0院）
  🔲 [435/560] (34.928, 135.432) → 0件（新規: 0院）
  🔲 [436/560] (34.928, 135.44) → 0件（新規: 0院）
  🔲 [437/560] (34.928, 135.448) → 0件（新規: 0院）
  🔲 [438/560] (34.928, 135.456) → 0件（新規: 0院）
  🔲 [439/560] (34.928, 135.464) → 0件（新規: 0院）
  🔲 [440/560] (34.928, 135.472) → 0件（新規: 0院）

  💾 440グリッド完了・DB保存: 575院

  🔲 [441/560] (34.936, 135.32) → 0件（新規: 0院）
  🔲 [442/560] (34.936, 135.328) → 0件（新規: 0院）
  🔲 [443/560] (34.936, 135.336) → 0件（新規: 0院）
  🔲 [444/560] (34.936, 135.344) → 0件（新規: 0院）
  🔲 [445/560] (34.936, 135.352) → 0件（新規: 0院）
  🔲 [446/560] (34.936, 135.36) → 0件（新規: 0院）
  🔲 [447/560] (34.936, 135.368) → 0件（新規: 0院）
  🔲 [448/560] (34.936, 135.376) → 0件（新規: 0院）
  🔲 [449/560] (34.936, 135.384) → 0件（新規: 0院）
  🔲 [450/560] (34.936, 135.392) → 0件（新規: 0院）
  🔲 [451/560] (34.936, 135.4) → 0件（新規: 0院）
  🔲 [452/560] (34.936, 135.408) → 0件（新規: 0院）
  🔲 [453/560] (34.936, 135.416) → 0件（新規: 0院）
  🔲 [454/560] (34.936, 135.424) → 0件（新規: 0院）
  🔲 [455/560] (34.936, 135.432) → 0件（新規: 0院）
  🔲 [456/560] (34.936, 135.44) → 0件（新規: 0院）
  🔲 [457/560] (34.936, 135.448) → 0件（新規: 0院）
  🔲 [458/560] (34.936, 135.456) → 0件（新規: 0院）
  🔲 [459/560] (34.936, 135.464) → 0件（新規: 0院）
  🔲 [460/560] (34.936, 135.472) → 0件（新規: 0院）

  💾 460グリッド完了・DB保存: 575院

  🔲 [461/560] (34.944, 135.32) → 0件（新規: 0院）
  🔲 [462/560] (34.944, 135.328) → 0件（新規: 0院）
  🔲 [463/560] (34.944, 135.336) → 0件（新規: 0院）
  🔲 [464/560] (34.944, 135.344) → 0件（新規: 0院）
  🔲 [465/560] (34.944, 135.352) → 0件（新規: 0院）
  🔲 [466/560] (34.944, 135.36) → 0件（新規: 0院）
  🔲 [467/560] (34.944, 135.368) → 0件（新規: 0院）
  🔲 [468/560] (34.944, 135.376) → 0件（新規: 0院）
  🔲 [469/560] (34.944, 135.384) → 0件（新規: 0院）
  🔲 [470/560] (34.944, 135.392) → 0件（新規: 0院）
  🔲 [471/560] (34.944, 135.4) → 0件（新規: 0院）
  🔲 [472/560] (34.944, 135.408) → 0件（新規: 0院）
  🔲 [473/560] (34.944, 135.416) → 0件（新規: 0院）
  🔲 [474/560] (34.944, 135.424) → 0件（新規: 0院）
  🔲 [475/560] (34.944, 135.432) → 0件（新規: 0院）
  🔲 [476/560] (34.944, 135.44) → 0件（新規: 0院）
  🔲 [477/560] (34.944, 135.448) → 0件（新規: 0院）
  🔲 [478/560] (34.944, 135.456) → 0件（新規: 0院）
  🔲 [479/560] (34.944, 135.464) → 0件（新規: 0院）
  🔲 [480/560] (34.944, 135.472) → 0件（新規: 0院）

  💾 480グリッド完了・DB保存: 575院

  🔲 [481/560] (34.952, 135.32) → 1件（新規: 1院）
    ▶ あだち歯科（★5・3件）  総合0点 📡0ソース
  🔲 [482/560] (34.952, 135.328) → 1件（新規: 0院）
    ▶ あだち歯科（★5・3件）  総合0点 📡0ソース
  🔲 [483/560] (34.952, 135.336) → 0件（新規: 0院）
  🔲 [484/560] (34.952, 135.344) → 0件（新規: 0院）
  🔲 [485/560] (34.952, 135.352) → 0件（新規: 0院）
  🔲 [486/560] (34.952, 135.36) → 0件（新規: 0院）
  🔲 [487/560] (34.952, 135.368) → 0件（新規: 0院）
  🔲 [488/560] (34.952, 135.376) → 0件（新規: 0院）
  🔲 [489/560] (34.952, 135.384) → 0件（新規: 0院）
  🔲 [490/560] (34.952, 135.392) → 0件（新規: 0院）
  🔲 [491/560] (34.952, 135.4) → 0件（新規: 0院）
  🔲 [492/560] (34.952, 135.408) → 0件（新規: 0院）
  🔲 [493/560] (34.952, 135.416) → 0件（新規: 0院）
  🔲 [494/560] (34.952, 135.424) → 0件（新規: 0院）
  🔲 [495/560] (34.952, 135.432) → 0件（新規: 0院）
  🔲 [496/560] (34.952, 135.44) → 0件（新規: 0院）
  🔲 [497/560] (34.952, 135.448) → 0件（新規: 0院）
  🔲 [498/560] (34.952, 135.456) → 0件（新規: 0院）
  🔲 [499/560] (34.952, 135.464) → 0件（新規: 0院）
  🔲 [500/560] (34.952, 135.472) → 0件（新規: 0院）

  💾 500グリッド完了・DB保存: 576院

  🔲 [501/560] (34.96, 135.32) → 0件（新規: 0院）
  🔲 [502/560] (34.96, 135.328) → 0件（新規: 0院）
  🔲 [503/560] (34.96, 135.336) → 0件（新規: 0院）
  🔲 [504/560] (34.96, 135.344) → 0件（新規: 0院）
  🔲 [505/560] (34.96, 135.352) → 0件（新規: 0院）
  🔲 [506/560] (34.96, 135.36) → 0件（新規: 0院）
  🔲 [507/560] (34.96, 135.368) → 0件（新規: 0院）
  🔲 [508/560] (34.96, 135.376) → 0件（新規: 0院）
  🔲 [509/560] (34.96, 135.384) → 0件（新規: 0院）
  🔲 [510/560] (34.96, 135.392) → 1件（新規: 1院）
    ▶ ふくやま歯科医院（★2.7・7件）  総合0点 📡3ソース
  🔲 [511/560] (34.96, 135.4) → 1件（新規: 0院）
    ▶ ふくやま歯科医院（★2.7・7件）  総合0点 📡3ソース
  🔲 [512/560] (34.96, 135.408) → 0件（新規: 0院）
  🔲 [513/560] (34.96, 135.416) → 0件（新規: 0院）
  🔲 [514/560] (34.96, 135.424) → 0件（新規: 0院）
  🔲 [515/560] (34.96, 135.432) → 0件（新規: 0院）
  🔲 [516/560] (34.96, 135.44) → 0件（新規: 0院）
  🔲 [517/560] (34.96, 135.448) → 0件（新規: 0院）
  🔲 [518/560] (34.96, 135.456) → 0件（新規: 0院）
  🔲 [519/560] (34.96, 135.464) → 0件（新規: 0院）
  🔲 [520/560] (34.96, 135.472) → 0件（新規: 0院）

  💾 520グリッド完了・DB保存: 577院

  🔲 [521/560] (34.968, 135.32) → 0件（新規: 0院）
  🔲 [522/560] (34.968, 135.328) → 0件（新規: 0院）
  🔲 [523/560] (34.968, 135.336) → 0件（新規: 0院）
  🔲 [524/560] (34.968, 135.344) → 0件（新規: 0院）
  🔲 [525/560] (34.968, 135.352) → 0件（新規: 0院）
  🔲 [526/560] (34.968, 135.36) → 0件（新規: 0院）
  🔲 [527/560] (34.968, 135.368) → 0件（新規: 0院）
  🔲 [528/560] (34.968, 135.376) → 0件（新規: 0院）
  🔲 [529/560] (34.968, 135.384) → 0件（新規: 0院）
  🔲 [530/560] (34.968, 135.392) → 0件（新規: 0院）
  🔲 [531/560] (34.968, 135.4) → 0件（新規: 0院）
  🔲 [532/560] (34.968, 135.408) → 1件（新規: 1院）
    ▶ いわさき歯科（★2.5・6件）  総合0点 📡2ソース
  🔲 [533/560] (34.968, 135.416) → 1件（新規: 0院）
    ▶ いわさき歯科（★2.5・6件）  総合0点 📡2ソース
  🔲 [534/560] (34.968, 135.424) → 0件（新規: 0院）
  🔲 [535/560] (34.968, 135.432) → 0件（新規: 0院）
  🔲 [536/560] (34.968, 135.44) → 0件（新規: 0院）
  🔲 [537/560] (34.968, 135.448) → 0件（新規: 0院）
  🔲 [538/560] (34.968, 135.456) → 0件（新規: 0院）
  🔲 [539/560] (34.968, 135.464) → 0件（新規: 0院）
  🔲 [540/560] (34.968, 135.472) → 0件（新規: 0院）

  💾 540グリッド完了・DB保存: 578院

  🔲 [541/560] (34.976, 135.32) → 0件（新規: 0院）
  🔲 [542/560] (34.976, 135.328) → 0件（新規: 0院）
  🔲 [543/560] (34.976, 135.336) → 0件（新規: 0院）
  🔲 [544/560] (34.976, 135.344) → 0件（新規: 0院）
  🔲 [545/560] (34.976, 135.352) → 0件（新規: 0院）
  🔲 [546/560] (34.976, 135.36) → 0件（新規: 0院）
  🔲 [547/560] (34.976, 135.368) → 0件（新規: 0院）
  🔲 [548/560] (34.976, 135.376) → 0件（新規: 0院）
  🔲 [549/560] (34.976, 135.384) → 0件（新規: 0院）
  🔲 [550/560] (34.976, 135.392) → 0件（新規: 0院）
  🔲 [551/560] (34.976, 135.4) → 0件（新規: 0院）
  🔲 [552/560] (34.976, 135.408) → 0件（新規: 0院）
  🔲 [553/560] (34.976, 135.416) → 0件（新規: 0院）
  🔲 [554/560] (34.976, 135.424) → 0件（新規: 0院）
  🔲 [555/560] (34.976, 135.432) → 0件（新規: 0院）
  🔲 [556/560] (34.976, 135.44) → 0件（新規: 0院）
  🔲 [557/560] (34.976, 135.448) → 0件（新規: 0院）
  🔲 [558/560] (34.976, 135.456) → 0件（新規: 0院）
  🔲 [559/560] (34.976, 135.464) → 0件（新規: 0院）
  🔲 [560/560] (34.976, 135.472) → 0件（新規: 0院）

  💾 560グリッド完了・DB保存: 578院


  ✅ Phase 1 完了: DB 578院（新規/更新 760院）

【Phase 2】Text Search 補完 — ジャンル別で漏れを補完
    ▶ 石岡歯科（★4・5件）  総合2点 📡1ソース
    ▶ 安福歯科医院（★4.8・69件）  総合8点 📡2ソース
    ▶ はら歯科クリニック（★4.5・63件）  総合8点 📡3ソース
    ▶ sakasegawa court denta（★4.7・29件）  総合5点 📡2ソース
    ▶ こうの歯科クリニック（★4.8・11件）  総合2点 📡2ソース
    ▶ ＋Ｂ (プラスビー) / Whitening（★4.7・13件）  総合2点 📡1ソース
    ▶ つばめデンタルクリニック川西（★3・25件）  総合0点 📡3ソース
    ▶ 北川歯科クリニック（★4・23件）  総合2点 📡1ソース
    ▶ 医療法人社団 SmileArt たなか歯科医（★4.7・286件）  総合8点 📡3ソース
    ▶ 小林デンタルクリニック（★4.7・69件）  総合8点 📡2ソース
    ▶ 井殿歯科医院（★4・24件）  総合2点 📡2ソース
    ▶ ホワイトニング専門店 ダンブランシュサンダ(（★4.9・90件）  総合8点 📡3ソース
    ▶ たにぐちデンタルクリニック（★5・8件）  総合2点 📡3ソース
    ▶ サンダデンタルクリニック（旧：宮内歯科医院）（★4.2・5件）  総合2点 📡3ソース
    ▶ ヨルソラ歯科クリニック（★4.6・65件）  総合8点 📡3ソース
    ▶ あしざわ歯科医院（★3・3件）  総合0点 📡2ソース
    ▶ 大槻歯科医院（★4・38件）  総合2点 📡1ソース
    ▶ しらやま歯科（★4・21件）  総合2点 📡1ソース
    ▶ 三田駅前歯科（★3.7・11件）  総合0点 📡2ソース
    ▶ いわさか歯科医院（★4.3・12件）  総合2点 📡2ソース
    ▶ 医療法人社団 松割歯科クリニック（★2.3・13件）  総合0点 📡3ソース
    ▶ ばんどう歯科（★3.2・11件）  総合0点 📡3ソース
    ▶ 尾崎歯科医院（★4.3・6件）  総合2点 📡2ソース
    ▶ 小寺歯科医院（★2.9・10件）  総合0点 📡3ソース
    ▶ 前田歯科クリニック（★2.6・16件）  総合0点 📡1ソース
    ▶ ウッディ吉原歯科（★4.1・18件）  総合2点 📡1ソース
    ▶ 吉原歯科医院（★2.9・10件）  総合0点 📡2ソース
    ▶ 英保歯科（★3.5・4件）  総合0点 📡2ソース
    ▶ スマイルオン矯正歯科（★4.4・17件）  総合2点 📡2ソース
    ▶ なかじま歯科・矯正歯科（★4.7・12件）  総合2点 📡1ソース
    ▶ はあもすこども矯正歯科クリニック（★5・2件）  総合0点 📡2ソース
    ▶ あらがき矯正歯科（★3.2・12件）  総合0点 📡2ソース
    ▶ きしもと歯科（★5・2件）  総合0点 📡2ソース
    ▶ ウィング矯正歯科（★0・0件）  総合0点 📡0ソース
    ▶ あさはら歯科医院（★5・6件）  総合2点 📡0ソース
    ▶ 福田歯科医院（★4・10件）  総合2点 📡1ソース
    ▶ ウイング矯正歯科（★0・0件）  総合0点 📡1ソース
    ▶ ホワイトニングショップ三田店（★4.8・86件）  総合8点 📡3ソース
    ▶ 黒瀬歯科クリニック（★3.6・14件）  総合0点 📡3ソース
    ▶ 愛川歯科医院（★3.9・7件）  総合0点 📡0ソース
    ▶ たかだ歯科（★4.4・8件）  総合2点 📡2ソース
    ▶ 関口歯科クリニック（★4.4・15件）  総合2点 📡1ソース
    ▶ 小西デンタルクリニック（★3.8・4件）  総合0点 📡1ソース
    ▶ その歯科クリニック（★4.9・203件）  総合8点 📡3ソース
    ▶ ダイキデンタルクリニック（★4.7・27件）  総合5点 📡2ソース
    ▶ ワタセ歯科（★3.5・15件）  総合0点 📡1ソース
    ▶ おくしゃ歯科医院（★3.5・2件）  総合0点 📡2ソース
    ▶ おおや歯科医院（★3.2・6件）  総合0点 📡0ソース
    ▶ ホワイトニングショップ 阪急伊丹店（★4.3・17件）  総合2点 📡3ソース
    ▶ Kデンタルクリニック（★4.7・6件）  総合2点 📡3ソース
    ▶ 川西市歯科医師会（★5・2件）  総合0点 📡1ソース
    ▶ 渡辺デンタルクリニック（★3.3・10件）  総合0点 📡0ソース
    ▶ 田中歯科クリニック（★5・2件）  総合0点 📡0ソース
    ▶ 伊丹市口腔保健センター（★5・2件）  総合0点 📡1ソース
    ▶ 米沢歯科（★4.4・5件）  総合2点 📡2ソース
    ▶ かわむら歯科（★4.8・5件）  総合2点 📡0ソース
    ▶ 吉原歯科さんだ口腔介護支援 センター（★0・0件）  総合0点 📡0ソース
    ▶ 喜多歯科医院（★3.3・11件）  総合0点 📡1ソース
    ▶ あだち歯科口腔外科（★3.1・11件）  総合0点 📡0ソース
    ▶ 大輔おとなこども歯科クリニック（★3.7・20件）  総合0点 📡1ソース
    ▶ わたなべ歯科医院（★4.2・13件）  総合2点 📡1ソース
    ▶ かねこ歯科クリニック（★5・2件）  総合0点 📡2ソース
    ▶ 芦田歯科医院（★3.8・5件）  総合0点 📡1ソース
    ▶ 宝塚市立口腔保健センター・歯科応急診療所（★4.5・4件）  総合0点 📡0ソース
    ▶ 早田歯科医院（★5・5件）  総合2点 📡2ソース
    ▶ さだおか歯科医院（★5・12件）  総合2点 📡0ソース
    ▶ むくの歯科（★5・37件）  総合5点 📡0ソース
    ▶ 川西市ふれあい歯科診療所（★3・2件）  総合0点 📡1ソース
    ▶ 川西市予防歯科センター（★0・0件）  総合0点 📡0ソース
    ▶ こうじ歯科クリニック（★3.8・14件）  総合0点 📡1ソース
    ▶ 三田市 総合福祉保健センター（★3.8・75件）  総合0点 📡0ソース

  ✅ Phase 2 完了: 追加 71院


============================================================
  ✅ 収集完了 v4.0
  DB総院数      : 649院
  新規/更新     : 831院
  AI分析済み    : 364院
  AI総評あり    : 193院
  評判タグあり  : 190院
  電話番号      : 631院
  ウェブサイト  : 460院
  notable院     : 109院
  グリッド数    : 560点（推定カバレッジ: 阪神北部エリア全域）
============================================================
