========================================================
  公式サイト深掘り  対象 460院  FORCE=False
========================================================
  [1/460] 医療法人社団 しげしたデンタルクリニック    
  [2/460] もこもこ歯科・矯正歯科    
  [3/460] 大塚歯科医院    
  [4/460] 米澤歯科醫院    
  [5/460] たかみ歯科医院    
  [6/460] にしおデンタルクリニック    
  [7/460] たかたに歯科    
  [8/460] 村松歯科医院    
  [9/460] 広川歯科医院    
  [10/460] サイトウ歯科    
  [11/460] たむら歯科クリニック    
  [12/460] さくらいデンタルクリニック    
  [13/460] おの歯科医院    
  [14/460] 山本デンタルクリニック    
  [15/460] 中津浜デンタルクリニック・こども矯正歯科    
  [16/460] ながとし歯科医院    
  [17/460] 水野歯科医院    
  [18/460] SUMIDA DENTAL CLINIC    
  [19/460] 阿部歯科    
  [20/460] 医療法人 こさか歯科クリニック    
    💾 20院保存 / 院長0 設備0
  [21/460] 正木歯科クリニック    
  [22/460] いけだ歯科クリニック    
  [23/460] 伊丹みんなの歯医者さん 木下歯科    
  [24/460] むらうち歯科矯正歯科    
  [25/460] 田中歯科    
  [26/460] 塚口むらうち小児矯正クリニック    
  [27/460] 足裏から不調改善 よもぎ蒸し&足つぼ s    
  [28/460] 鎌谷歯科医院    
  [29/460] ごおデンタルクリニック    
  [30/460] 橋村歯科医院    
  [31/460] しげ歯科稲野駅前院    
  [32/460] みずの歯科・矯正歯科    
  [33/460] 内田歯科医院    
  [34/460] みちざわ歯科・口腔外科    
  [35/460] いちば歯科医院    
  [36/460] 木田歯科クリニック  ✗取得失敗
  [37/460] 井上歯科 園田    
  [38/460] どうがん歯科医院    
  [39/460] いちかわ歯科医院    
  [40/460] ホワイト歯科クリニック    
    💾 40院保存 / 院長0 設備0
  [41/460] （有）永松デンタルラボラトリー    
  [42/460] 荒木歯科    
  [43/460] 萱島歯科医院  ✗取得失敗
  [44/460] みつひさ歯科医院    
  [45/460] 豊中服部ノボ歯科・矯正歯科クリニック    
  [46/460] たかぎ歯科 ｜服部天神駅 歯医者《虫歯・    
  [47/460] 加納歯科クリニック    
  [48/460] ひろた歯科クリニック    
  [49/460] ケイ歯科クリニック 甲東園 インプラント    
  [50/460] 丸山歯科クリニック    
  [51/460] イケダ歯科医院    
  [52/460] 西宮気づき歯科クリニック  ✗取得失敗
  [53/460] うえは歯科医院    
  [54/460] 小山歯科医院    
  [55/460] はっとり歯科・小児矯正歯科    
  [56/460] みはら歯科クリニック    
  [57/460] ささべ歯科クリニック    
  [58/460] 臼井歯科医院    
  [59/460] よしだ歯科  ✗取得失敗
  [60/460] とよなが歯科医院    
    💾 60院保存 / 院長0 設備0
  [61/460] あさい歯科医院    
  [62/460] 伊丹とく歯科    
  [63/460] くにえ歯科医院    
  [64/460] 曽根あらい歯科医院    
  [65/460] 医療法人陽樹会曽根駅前歯科クリニック    
  [66/460] きた歯科曽根駅北大人こども歯科    
  [67/460] かおる歯科クリニック    
  [68/460] てらだ矯正歯科    
  [69/460] ありま歯科クリニック    
  [70/460] 大前歯科    
  [71/460] 永田歯科医院    
  [72/460] たかお歯科    
  [73/460] めぐみ歯科クリニック    
  [74/460] はしもと歯科医院    
  [75/460] 曽根東デンタルクリニック    
  [76/460] 訪問専門 のすけ歯科    
  [77/460] 戸祭歯科医院    
  [78/460] 有馬歯科・矯正歯科  ✗取得失敗
  [79/460] たつみ歯科医院    
  [80/460] アテネファミリー歯科    
    💾 80院保存 / 院長0 設備0
  [81/460] 藤田歯科    
  [82/460] 法貴歯科医院    
  [83/460] 山田歯科診療所    
  [84/460] とたに歯科医院    
  [85/460] 山本歯科医院矯正歯科クリニック    
  [86/460] しらやま歯科クリニック    
  [87/460] ありい歯科    
  [88/460] 高橋おとなこども歯科    
  [89/460] のまきたパーク歯科・矯正歯科    
  [90/460] ヒカルノ歯科・矯正歯科    
  [91/460] 岸本歯科医院    
  [92/460] 善住歯科医院    
  [93/460] 中村歯科医院    
  [94/460] cuate    
  [95/460] まつもと歯科医院    
  [96/460] 阪本歯科医院    
  [97/460] 藤田歯科クリニック  ✗取得失敗
  [98/460] 津谷歯科医院    
  [99/460] ハピカ歯科クリニック    
  [100/460] たまむら矯正歯科 伊丹駅前院    
    💾 100院保存 / 院長0 設備0
  [101/460] かねこ歯科診療所    
  [102/460] つじの歯科医院    
  [103/460] えいと歯科    
  [104/460] 辻歯科医院    
  [105/460] 松島歯科医院    
  [106/460] 西口歯科クリニック    
  [107/460] アップル歯科伊丹駅前    
  [108/460] みなみ歯科・矯正歯科    
  [109/460] さくら歯科クリニック    
  [110/460] 坪井歯科医院｜伊丹市（審美歯科/ホワイト    
  [111/460] にしおか歯科    
  [112/460] 横田歯科医院    
  [113/460] ありす歯科クリニック  ✗取得失敗
  [114/460] 中西歯科医院    
  [115/460] Ogawa Dental Clinic    
  [116/460] 西川歯科    
  [117/460] 白井歯科    
  [118/460] ながと歯科医院    
  [119/460] 歯科すやま    
  [120/460] あんどうおとなこども歯科    
    💾 120院保存 / 院長0 設備0
  [121/460] TOYOTA Kids ＆ Family    
  [122/460] 歯医者さん 豊中くぼ歯科    
  [123/460] まつもと歯科    
  [124/460] オノエ歯科    
  [125/460] 【歯科提携】歯のホワイトニング専門店 ホ    
  [126/460] もり歯科クリニック    
  [127/460] 医療法人社団アトリエ会 おとな・こども     
  [128/460] たにもと歯科クリニック 伊丹昆陽 小児     
  [129/460] タナカ歯科    
  [130/460] まこと歯科医院    
  [131/460] はまだ歯科クリニック    
  [132/460] 出口歯科    
  [133/460] おざわファミリー歯科    
  [134/460] 和歯科医院    
  [135/460] 鈴木歯科医院  ✗取得失敗
  [136/460] ひらせ歯科クリニック    
  [137/460] おがわ歯科    
  [138/460] ふじたか歯科クリニック    
  [139/460] 森定矯正歯科    
  [140/460] 原歯科医院｜豊中市 歯医者/咬み合わせ    
    💾 140院保存 / 院長0 設備0
  [141/460] クローバー歯科豊中駅前アネックス    
  [142/460] 辻歯科医院    
  [143/460] 豊中歯医者よしだ歯科    
  [144/460] なかふじ歯科クリニック    
  [145/460] みやもと歯科クリニック    
  [146/460] 片山歯科    
  [147/460] クローバー歯科クリニック豊中駅前院    
  [148/460] 豊中インプラント治療クリニック    
  [149/460] 豊中本町歯科クリニック    
  [150/460] 【歯科提携】歯のホワイトニング専門店 ホ    
  [151/460] Sugimoto Dental Clin    
  [152/460] クローバー歯科クリニック豊中本町院    
  [153/460] Fujita Dental Toyona    
  [154/460] Yanagikyosei Dental     
  [155/460] 上田歯科医院    
  [156/460] 村井歯科クリニック    
  [157/460] こむら小児歯科・矯正歯科    
  [158/460] こむら矯正歯科（豊中）    
  [159/460] 中垣歯科医院    
  [160/460] 鈴木歯科    
    💾 160院保存 / 院長0 設備0
  [161/460] ささはら歯科クリニック    
  [162/460] ゲンデンタルクリニック    
  [163/460] 西山歯科    
  [164/460] 宝塚いしもと歯科    
  [165/460] 六花デンタルクリニック    
  [166/460] 杉本歯科医院  ✗取得失敗
  [167/460] 安藤歯科医院 伊丹院    
  [168/460] こんどう歯科医院    
  [169/460] 福武歯科医院    
  [170/460] 森田歯科医院    
  [171/460] ひがし歯科医院    
  [172/460] 医療法人MYS 本庄歯科クリニック    
  [173/460] 小田歯科医院    
  [174/460] いけだ歯科    
  [175/460] ごとう歯科クリニック 豊中市 歯医者/セ    
  [176/460] パリムデンタルクリニック    
  [177/460] 医療法人健揚会 うおた歯科医院    
  [178/460] 城徳歯科医院    
  [179/460] ヒラタ歯科  ✗取得失敗
  [180/460] 早田歯科医院    
    💾 180院保存 / 院長0 設備0
  [181/460] 池澤歯科クリニック 豊中    
  [182/460] いわさきファミリー歯科・矯正歯科    
  [183/460] Y's歯科クリニック(ワイズ歯科クリニッ    
  [184/460] さくら歯科 豊中院    
  [185/460] みずの歯科    
  [186/460] 宝塚インプラント    
  [187/460] 笹山歯科医院    
  [188/460] 宝塚 歯科 エイチアンドエル    
  [189/460] 栗田歯科クリニック    
  [190/460] あが歯科医院    
  [191/460] 松野歯科医院    
  [192/460] ホワイトニングクリニック A 宝塚店    
  [193/460] 吉田歯科    
  [194/460] 宝塚スミレデンタルクリニック    
  [195/460] アゼリア歯科クリニック    
  [196/460] 矯正歯科たかぎ·クリニック    
  [197/460] 中井歯科医院    
  [198/460] 平田歯科医院    
  [199/460] イワセ歯科・矯正歯科クリニック    
  [200/460] 宝塚逆瀬川歯科医院    
    💾 200院保存 / 院長0 設備0
  [201/460] きょうめん矯正歯科    
  [202/460] ホワイトエッセンス加盟院（逆瀬川）    
  [203/460] 田中歯科医院    
  [204/460] 福田歯科医院  ✗取得失敗
  [205/460] きばた歯科医院    
  [206/460] ひろ歯科クリニック 伊丹 矯正歯科    
  [207/460] 岩田歯科    
  [208/460] はあもす歯科こども歯科クリニック    
  [209/460] まんごく歯科医院  ✗取得失敗
  [210/460] 石井歯科医院    
  [211/460] 医療法人津金歯科医院  ✗取得失敗
  [212/460] なおき矯正歯科・小児矯正歯科    
  [213/460] つがねファミリー歯科    
  [214/460] まんだ歯科医院    
  [215/460] ヘルスケア松本歯科クリニック    
  [216/460] ブルームデンタルクリニック    
  [217/460] 高橋歯科医院    
  [218/460] 小田矯正歯科クリニック    
  [219/460] Shine Lab.    
  [220/460] 楠本歯科医院  ✗取得失敗
  [221/460] 宝塚駅前ホワイト歯科・矯正歯科    
  [222/460] 奥田歯科クリニック    
  [223/460] 澤村歯科クリニック    
  [224/460] 宝塚ファミリー歯科クリニック    
  [225/460] もりた矯正歯科    
  [226/460] 宝塚ライフ歯科・矯正歯科    
  [227/460] 富永歯科医院    
  [228/460] やまだ歯科    
  [229/460] 宝塚あさひ歯科クリニック    
  [230/460] もりた歯科医院    
  [231/460] おざわ歯科    
  [232/460] 荒牧あおやま歯科医院    
  [233/460] 渡辺歯科    
  [234/460] よしの歯科クリニック    
  [235/460] 池田歯科医院  ✗取得失敗
  [236/460] 医療法人昭成会 加藤歯科    
  [237/460] はぴねす歯科・矯正歯科 石橋駅前クリニッ    
  [238/460] 三原歯科医院  ✗取得失敗
  [239/460] 美馬歯科    
  [240/460] セルフホワイトニングサロン BRIGHT    
    💾 240院保存 / 院長0 設備0
  [241/460] 中西歯科クリニック    
  [242/460] なかにし矯正歯科クリニック    
  [243/460] はま歯科    
  [244/460] たつみなかにし歯科医院    
  [245/460] 延原歯科医院    
  [246/460] 佐々木歯科医院    
  [247/460] 桑田歯科    
  [248/460] イノウエ矯正＆歯科    
  [249/460] メディカルホワイトニングHAKU 石橋阪    
  [250/460] フジデンタルクリニック    
  [251/460] うえさか歯科・矯正歯科  ✗取得失敗
  [252/460] そりまち歯科医院    
  [253/460] 亀井歯科医院    
  [254/460] 三浦歯科医院    
  [255/460] 豊中エンパシーデンタルクリニック    
  [256/460] ふじた歯科    
  [257/460] 医療法人慈恩会 少路ファミリーデンタルク    
  [258/460] 豊中少路ANT歯科・矯正歯科    
  [259/460] やまさき歯科    
  [260/460] ながよしデンタルクリニック    
    💾 260院保存 / 院長0 設備0
  [261/460] 江本歯科医院    
  [262/460] ゆか歯科クリニック    
  [263/460] 宝塚こども歯科    
  [264/460] 加納歯科クリニック    
  [265/460] とがわ歯科クリニック    
  [266/460] さくら矯正歯科    
  [267/460] かねしろ歯科クリニック    
  [268/460] 谷口歯科医院    
  [269/460] エール歯科・エールこども歯科    
  [270/460] よねだ歯科医院    
  [271/460] 堀池歯科    
  [272/460] もん歯科・こども矯正歯科クリニック（川西    
  [273/460] 田川歯科クリニック    
  [274/460] 安田歯科医院/池田インプラント    
  [275/460] Higuchi Dental Clini    
  [276/460] やすらぎの街デンタルクリニック 池田市     
  [277/460] 山片矯正歯科    
  [278/460] アールデンタルクリニック    
  [279/460] くすやま歯科クリニック    
  [280/460] マウス歯科    
    💾 280院保存 / 院長0 設備0
  [281/460] 医療法人たにぐち歯科・口腔外科    
  [282/460] 正木歯科    
  [283/460] 西山歯科医院    
  [284/460] 藤本歯科医院    
  [285/460] みずかみ歯科・矯正歯科クリニック    
  [286/460] 箕面桜井 ほたる歯科クリニック    
  [287/460] タカシマデンタルクリニック    
  [288/460] メープル歯科クリニック    
  [289/460] 小宮歯科医院    
  [290/460] 大野歯科医院    
  [291/460] さくらデンタルクリニック    
  [292/460] きたたに歯科医院    
  [293/460] 松林歯科    
  [294/460] ゆう歯科クリニック    
  [295/460] 豊中まさい 歯科クリニック    
  [296/460] 芝辻歯科医院    
  [297/460] 平岡歯科クリニック    
  [298/460] ひろなか歯科クリニック    
  [299/460] 山本歯科クリニック    
  [300/460] 医療法人歯聖会 宝塚デンタルオフィス    
    💾 300院保存 / 院長0 設備0
  [301/460] フラワー歯科・矯正歯科 山本駅前クリニッ    
  [302/460] さかうえ歯科クリニック    
  [303/460] 青山歯科医院    
  [304/460] クリス歯科クリニック    
  [305/460] 真田歯科クリニック    
  [306/460] メディカルホワイトニングHAKU 川西能    
  [307/460] 市川歯科医院  ✗取得失敗
  [308/460] ひでき歯科クリニック    
  [309/460] 藤木歯科医院    
  [310/460] 田中デンタルクリニック    
  [311/460] 福地歯科クリニック    
  [312/460] スマイルプラス矯正歯科    
  [313/460] しゅういち矯正歯科クリニック    
  [314/460] しまだ歯科医院    
  [315/460] 畑矯正歯科    
  [316/460] くしだ歯科医院    
  [317/460] 川西歯医者 ライフ歯科・矯正歯科・小児歯    
  [318/460] おうご歯科    
  [319/460] キッタカ歯科  ✗取得失敗
  [320/460] 篠原歯科医院    
    💾 320院保存 / 院長0 設備0
  [321/460] 池田カツベ歯科・矯正歯科    
  [322/460] おおやま歯科    
  [323/460] おとなの歯科室    
  [324/460] こいし・こども矯正歯科 小児歯科ランド    
  [325/460] つしま歯科    
  [326/460] ヒロ歯科クリニック 池田市    
  [327/460] ハーモニーデンタルクリニック 池田駅 歯    
  [328/460] 亀山歯科    
  [329/460] ニシカワ歯科    
  [330/460] おぎそ歯科クリニック    
  [331/460] 旭ヶ丘ホリクリニック  ✗取得失敗
  [332/460] 米山歯科医院    
  [333/460] 淺村歯科    
  [334/460] てらむら歯科    
  [335/460] 谷歯科医院    
  [336/460] 医療法人メディエフ寺嶋歯科医院    
  [337/460] かわばた歯科クリニック    
  [338/460] 木田歯科医院    
  [339/460] ひがしさわ歯科医院    
  [340/460] ますの歯科 矯正歯科+KIDS    
    💾 340院保存 / 院長0 設備0
  [341/460] 多田歯科医院    
  [342/460] ヨコヤマ歯科    
  [343/460] うえたひろ在宅歯科クリニック    
  [344/460] なかい歯科医院 牧落【歯医者/ホワイトニ    
  [345/460] こばし口腔外科・歯科総合クリニック箕面    
  [346/460] ファミリーセンター歯科    
  [347/460] 宇川歯科    
  [348/460] なかたにスマイル歯科医院    
  [349/460] マツムラ歯科医院    
  [350/460] 大西歯科・口腔外科 川西院    
  [351/460] はぴねす歯科川西能勢口駅前クリニック    
  [352/460] こいけ歯科    
  [353/460] とくなが小児歯科クリニックレオ    
  [354/460] 川西市歯科医師会立 訪問歯科センター    
  [355/460] あさくら歯科    
  [356/460] よしだ歯科    
  [357/460] 医療法人英歯会さつきやま歯科クリニック    
  [358/460] 箕面おとなこども歯科｜箕面市 池田市 豊    
  [359/460] 尾川歯科医院    
  [360/460] かつらぎ歯科    
    💾 360院保存 / 院長0 設備0
  [361/460] 黒木歯科医院｜箕面市【歯周病/歯科検診】    
  [362/460] しずくいし歯科医院    
  [363/460] 澤田歯科医院    
  [364/460] 佐村歯科医院    
  [365/460] なかの歯科    
  [366/460] やまのい歯科クリニック    
  [367/460] NARUデンタルクリニック    
  [368/460] ムラナカ歯科医院    
  [369/460] 足立矯正歯科    
  [370/460] 土居歯科医院    
  [371/460] ごうがみ歯科医院    
  [372/460] みうら歯科医院    
  [373/460] 川西おとなこども歯科クリニック    
  [374/460] サラヤ池田歯科クリニック    
  [375/460] 今村歯科医院    
  [376/460] さくらい歯科    
  [377/460] 川西みらい歯科・矯正歯科    
  [378/460] 川西かきの歯科    
  [379/460] 遠藤歯科診療所    
  [380/460] 原田歯科    
    💾 380院保存 / 院長0 設備0
  [381/460] さくら木歯科こども歯科    
  [382/460] みずくろ歯科    
  [383/460] よこたデンタルクリニック    
  [384/460] ふじい歯科    
  [385/460] 日新堂歯科医院    
  [386/460] にしだ歯科クリニック    
  [387/460] 森永歯科医院    
  [388/460] 歯科たなかクリニック    
  [389/460] 中川歯科医院    
  [390/460] 箕面森町-吉田歯科クリニック  ✗取得失敗
  [391/460] ソノ歯科クリニック    
  [392/460] やの歯科    
  [393/460] 川西あおき歯科・矯正歯科  ✗取得失敗
  [394/460] 北川歯科    
  [395/460] 米村歯科医院    
  [396/460] くがい歯科    
  [397/460] 安達歯科医院    
  [398/460] 杉田デンタルクリニック    
  [399/460] ふくやま歯科医院    
  [400/460] いわさき歯科    
    💾 400院保存 / 院長0 設備0
  [401/460] 石岡歯科    
  [402/460] 安福歯科医院    
  [403/460] はら歯科クリニック    
  [404/460] sakasegawa court den    
  [405/460] こうの歯科クリニック  ✗取得失敗
  [406/460] ＋Ｂ (プラスビー) / Whiteni    
  [407/460] つばめデンタルクリニック川西    
  [408/460] 北川歯科クリニック    
  [409/460] 医療法人社団 SmileArt たなか歯    
  [410/460] 小林デンタルクリニック    
  [411/460] 井殿歯科医院  ✗取得失敗
  [412/460] ホワイトニング専門店 ダンブランシュサン    
  [413/460] たにぐちデンタルクリニック    
  [414/460] サンダデンタルクリニック（旧：宮内歯科医    
  [415/460] ヨルソラ歯科クリニック    
  [416/460] あしざわ歯科医院    
  [417/460] 大槻歯科医院    
  [418/460] しらやま歯科    
  [419/460] 三田駅前歯科    
  [420/460] いわさか歯科医院    
    💾 420院保存 / 院長0 設備0
  [421/460] 医療法人社団 松割歯科クリニック    
  [422/460] ばんどう歯科    
  [423/460] 尾崎歯科医院    
  [424/460] 小寺歯科医院    
  [425/460] 前田歯科クリニック    
  [426/460] ウッディ吉原歯科    
  [427/460] 吉原歯科医院    
  [428/460] 英保歯科    
  [429/460] スマイルオン矯正歯科    
  [430/460] なかじま歯科・矯正歯科    
  [431/460] はあもすこども矯正歯科クリニック    
  [432/460] あらがき矯正歯科    
  [433/460] きしもと歯科    
  [434/460] 福田歯科医院    
  [435/460] ウイング矯正歯科    
  [436/460] ホワイトニングショップ三田店    
  [437/460] 黒瀬歯科クリニック    
  [438/460] たかだ歯科    
  [439/460] 関口歯科クリニック    
  [440/460] 小西デンタルクリニック    
    💾 440院保存 / 院長0 設備0
  [441/460] その歯科クリニック    
  [442/460] ダイキデンタルクリニック    
  [443/460] ワタセ歯科    
  [444/460] おくしゃ歯科医院    
  [445/460] おおや歯科医院  ✗取得失敗
  [446/460] ホワイトニングショップ 阪急伊丹店    
  [447/460] Kデンタルクリニック    
  [448/460] 川西市歯科医師会    
  [449/460] 伊丹市口腔保健センター    
  [450/460] 米沢歯科    
  [451/460] かわむら歯科    
  [452/460] 喜多歯科医院    
  [453/460] 大輔おとなこども歯科クリニック    
  [454/460] わたなべ歯科医院    
  [455/460] かねこ歯科クリニック    
  [456/460] 芦田歯科医院    
  [457/460] 早田歯科医院    
  [458/460] さだおか歯科医院  ✗取得失敗
  [459/460] 川西市ふれあい歯科診療所    
  [460/460] こうじ歯科クリニック    
    💾 460院保存 / 院長0 設備0
========================================================
  ✅ 完了  抽出成功0 / 取得失敗26
  院長名あり 140院 / 設備あり 142院
========================================================
